2025-11-03T20:07:21.403-03:00  INFO 1424 --- [restartedMain] c.l.LabUsuarios.UsuariosApplication      : Starting UsuariosApplication using Java 21.0.6 with PID 1424 (C:\Users\sebas\OneDrive\Escritorio\Ing de Software\Desarrollo_FS\FS3\proyectoBimestre\Laboratorio_Service\LabUsuarios\target\classes started by sebas in C:\Users\sebas\OneDrive\Escritorio\Ing de Software\Desarrollo_FS\FS3\proyectoBimestre\Laboratorio_Service\LabUsuarios)
2025-11-03T20:07:21.419-03:00  INFO 1424 --- [restartedMain] c.l.LabUsuarios.UsuariosApplication      : No active profile set, falling back to 1 default profile: "default"
2025-11-03T20:07:21.548-03:00  INFO 1424 --- [restartedMain] o.s.b.devtools.restart.ChangeableUrls    : The Class-Path manifest attribute in C:\Users\sebas\.m2\repository\com\oracle\database\jdbc\ojdbc11\23.7.0.25.01\ojdbc11-23.7.0.25.01.jar referenced one or more files that do not exist: file:/C:/Users/sebas/.m2/repository/com/oracle/database/jdbc/ojdbc11/23.7.0.25.01/oraclepki.jar
2025-11-03T20:07:21.549-03:00  INFO 1424 --- [restartedMain] .e.DevToolsPropertyDefaultsPostProcessor : Devtools property defaults active! Set 'spring.devtools.add-properties' to 'false' to disable
2025-11-03T20:07:21.549-03:00  INFO 1424 --- [restartedMain] .e.DevToolsPropertyDefaultsPostProcessor : For additional web related logging consider setting the 'logging.level.web' property to 'DEBUG'
2025-11-03T20:07:23.587-03:00  INFO 1424 --- [restartedMain] .s.d.r.c.RepositoryConfigurationDelegate : Multiple Spring Data modules found, entering strict repository configuration mode
2025-11-03T20:07:23.589-03:00  INFO 1424 --- [restartedMain] .s.d.r.c.RepositoryConfigurationDelegate : Bootstrapping Spring Data JDBC repositories in DEFAULT mode.
2025-11-03T20:07:23.681-03:00  INFO 1424 --- [restartedMain] .RepositoryConfigurationExtensionSupport : Spring Data JDBC - Could not safely identify store assignment for repository candidate interface com.laboratorio.LabUsuarios.repository.TokenRepository; If you want this repository to be a JDBC repository, consider annotating your entities with one of these annotations: org.springframework.data.relational.core.mapping.Table.
2025-11-03T20:07:23.684-03:00  INFO 1424 --- [restartedMain] .RepositoryConfigurationExtensionSupport : Spring Data JDBC - Could not safely identify store assignment for repository candidate interface com.laboratorio.LabUsuarios.repository.UsuarioRepository; If you want this repository to be a JDBC repository, consider annotating your entities with one of these annotations: org.springframework.data.relational.core.mapping.Table.
2025-11-03T20:07:23.686-03:00  INFO 1424 --- [restartedMain] .s.d.r.c.RepositoryConfigurationDelegate : Finished Spring Data repository scanning in 80 ms. Found 0 JDBC repository interfaces.
2025-11-03T20:07:23.706-03:00  INFO 1424 --- [restartedMain] .s.d.r.c.RepositoryConfigurationDelegate : Multiple Spring Data modules found, entering strict repository configuration mode
2025-11-03T20:07:23.710-03:00  INFO 1424 --- [restartedMain] .s.d.r.c.RepositoryConfigurationDelegate : Bootstrapping Spring Data JPA repositories in DEFAULT mode.
2025-11-03T20:07:23.779-03:00  INFO 1424 --- [restartedMain] .s.d.r.c.RepositoryConfigurationDelegate : Finished Spring Data repository scanning in 59 ms. Found 2 JPA repository interfaces.
2025-11-03T20:07:25.672-03:00  INFO 1424 --- [restartedMain] o.s.b.w.embedded.tomcat.TomcatWebServer  : Tomcat initialized with port 8080 (http)
2025-11-03T20:07:25.729-03:00  INFO 1424 --- [restartedMain] o.apache.catalina.core.StandardService   : Starting service [Tomcat]
2025-11-03T20:07:25.730-03:00  INFO 1424 --- [restartedMain] o.apache.catalina.core.StandardEngine    : Starting Servlet engine: [Apache Tomcat/10.1.48]
2025-11-03T20:07:25.900-03:00  INFO 1424 --- [restartedMain] o.a.c.c.C.[Tomcat].[localhost].[/api]    : Initializing Spring embedded WebApplicationContext
2025-11-03T20:07:25.900-03:00  INFO 1424 --- [restartedMain] w.s.c.ServletWebServerApplicationContext : Root WebApplicationContext: initialization completed in 4350 ms
2025-11-03T20:07:26.601-03:00  INFO 1424 --- [restartedMain] com.zaxxer.hikari.HikariDataSource       : HikariPool-1 - Starting...
2025-11-03T20:07:28.416-03:00  INFO 1424 --- [restartedMain] com.zaxxer.hikari.pool.HikariPool        : HikariPool-1 - Added connection oracle.jdbc.driver.T4CConnection@4fdc86f0
2025-11-03T20:07:28.420-03:00  INFO 1424 --- [restartedMain] com.zaxxer.hikari.HikariDataSource       : HikariPool-1 - Start completed.
2025-11-03T20:07:28.507-03:00  INFO 1424 --- [restartedMain] o.hibernate.jpa.internal.util.LogHelper  : HHH000204: Processing PersistenceUnitInfo [name: default]
2025-11-03T20:07:28.695-03:00  INFO 1424 --- [restartedMain] org.hibernate.Version                    : HHH000412: Hibernate ORM core version 6.6.33.Final
2025-11-03T20:07:28.809-03:00  INFO 1424 --- [restartedMain] o.h.c.internal.RegionFactoryInitiator    : HHH000026: Second-level cache disabled
2025-11-03T20:07:29.455-03:00  INFO 1424 --- [restartedMain] o.s.o.j.p.SpringPersistenceUnitInfo      : No LoadTimeWeaver setup: ignoring JPA class transformer
2025-11-03T20:07:30.122-03:00  INFO 1424 --- [restartedMain] org.hibernate.orm.connections.pooling    : HHH10001005: Database info:
	Database JDBC URL [Connecting through datasource 'HikariDataSource (HikariPool-1)']
	Database driver: undefined/unknown
	Database version: 19.29
	Autocommit mode: undefined/unknown
	Isolation level: undefined/unknown
	Minimum pool size: undefined/unknown
	Maximum pool size: undefined/unknown
2025-11-03T20:07:31.608-03:00 DEBUG 1424 --- [restartedMain] org.hibernate.SQL                        : create global temporary table HTE_token(expired number(1,0), revoked number(1,0), rn_ number(10,0) not null, id number(19,0), id_usuario number(19,0), token varchar2(255 char), token_type varchar2(255 char), primary key (rn_)) on commit delete rows
2025-11-03T20:07:31.879-03:00  INFO 1424 --- [restartedMain] o.h.e.t.j.p.i.JtaPlatformInitiator       : HHH000489: No JTA platform available (set 'hibernate.transaction.jta.platform' to enable JTA platform integration)
2025-11-03T20:07:31.885-03:00  INFO 1424 --- [restartedMain] j.LocalContainerEntityManagerFactoryBean : Initialized JPA EntityManagerFactory for persistence unit 'default'
2025-11-03T20:07:32.410-03:00  WARN 1424 --- [restartedMain] JpaBaseConfiguration$JpaWebConfiguration : spring.jpa.open-in-view is enabled by default. Therefore, database queries may be performed during view rendering. Explicitly configure spring.jpa.open-in-view to disable this warning
2025-11-03T20:07:32.685-03:00 DEBUG 1424 --- [restartedMain] s.w.s.m.m.a.RequestMappingHandlerMapping : 10 mappings in 'requestMappingHandlerMapping'
2025-11-03T20:07:32.858-03:00 DEBUG 1424 --- [restartedMain] o.s.w.s.handler.SimpleUrlHandlerMapping  : Patterns [/webjars/**, /**] in 'resourceHandlerMapping'
2025-11-03T20:07:32.941-03:00 DEBUG 1424 --- [restartedMain] s.w.s.m.m.a.RequestMappingHandlerAdapter : ControllerAdvice beans: 0 @ModelAttribute, 0 @InitBinder, 1 RequestBodyAdvice, 1 ResponseBodyAdvice
2025-11-03T20:07:33.067-03:00 DEBUG 1424 --- [restartedMain] .m.m.a.ExceptionHandlerExceptionResolver : ControllerAdvice beans: 1 @ExceptionHandler, 1 ResponseBodyAdvice
2025-11-03T20:07:33.522-03:00  WARN 1424 --- [restartedMain] .s.s.UserDetailsServiceAutoConfiguration : 

Using generated security password: 41716b03-4b27-4e11-a2ca-635a9204a543

This generated password is for development use only. Your security configuration must be updated before running your application in production.

2025-11-03T20:07:33.555-03:00  INFO 1424 --- [restartedMain] r$InitializeUserDetailsManagerConfigurer : Global AuthenticationManager configured with UserDetailsService bean with name inMemoryUserDetailsManager
2025-11-03T20:07:33.900-03:00  INFO 1424 --- [restartedMain] o.s.b.d.a.OptionalLiveReloadServer       : LiveReload server is running on port 35729
2025-11-03T20:07:33.958-03:00  INFO 1424 --- [restartedMain] o.s.b.w.embedded.tomcat.TomcatWebServer  : Tomcat started on port 8080 (http) with context path '/api'
2025-11-03T20:07:33.974-03:00  INFO 1424 --- [restartedMain] c.l.LabUsuarios.UsuariosApplication      : Started UsuariosApplication in 13.841 seconds (process running for 15.51)
2025-11-03T20:14:37.363-03:00  INFO 1424 --- [http-nio-8080-exec-2] o.a.c.c.C.[Tomcat].[localhost].[/api]    : Initializing Spring DispatcherServlet 'dispatcherServlet'
2025-11-03T20:14:37.380-03:00  INFO 1424 --- [http-nio-8080-exec-2] o.s.web.servlet.DispatcherServlet        : Initializing Servlet 'dispatcherServlet'
2025-11-03T20:14:37.387-03:00 DEBUG 1424 --- [http-nio-8080-exec-2] o.s.web.servlet.DispatcherServlet        : Detected StandardServletMultipartResolver
2025-11-03T20:14:37.388-03:00 DEBUG 1424 --- [http-nio-8080-exec-2] o.s.web.servlet.DispatcherServlet        : Detected AcceptHeaderLocaleResolver
2025-11-03T20:14:37.389-03:00 DEBUG 1424 --- [http-nio-8080-exec-2] o.s.web.servlet.DispatcherServlet        : Detected FixedThemeResolver
2025-11-03T20:14:37.436-03:00 DEBUG 1424 --- [http-nio-8080-exec-2] o.s.web.servlet.DispatcherServlet        : Detected org.springframework.web.servlet.view.DefaultRequestToViewNameTranslator@17449e74
2025-11-03T20:14:37.440-03:00 DEBUG 1424 --- [http-nio-8080-exec-2] o.s.web.servlet.DispatcherServlet        : Detected org.springframework.web.servlet.support.SessionFlashMapManager@23466af6
2025-11-03T20:14:37.442-03:00 DEBUG 1424 --- [http-nio-8080-exec-2] o.s.web.servlet.DispatcherServlet        : enableLoggingRequestDetails='false': request parameters and headers will be masked to prevent unsafe logging of potentially sensitive data
2025-11-03T20:14:37.443-03:00  INFO 1424 --- [http-nio-8080-exec-2] o.s.web.servlet.DispatcherServlet        : Completed initialization in 63 ms
2025-11-03T20:14:37.848-03:00  WARN 1424 --- [http-nio-8080-exec-2] o.a.c.util.SessionIdGeneratorBase        : Creation of SecureRandom instance for session ID generation using [SHA1PRNG] took [143] milliseconds.
2025-11-03T20:18:02.371-03:00  INFO 1424 --- [SpringApplicationShutdownHook] o.s.b.w.e.tomcat.GracefulShutdown        : Commencing graceful shutdown. Waiting for active requests to complete
2025-11-03T20:18:02.397-03:00  INFO 1424 --- [tomcat-shutdown] o.s.b.w.e.tomcat.GracefulShutdown        : Graceful shutdown complete
2025-11-03T20:18:02.418-03:00  INFO 1424 --- [SpringApplicationShutdownHook] j.LocalContainerEntityManagerFactoryBean : Closing JPA EntityManagerFactory for persistence unit 'default'
2025-11-03T20:18:02.451-03:00  INFO 1424 --- [SpringApplicationShutdownHook] com.zaxxer.hikari.HikariDataSource       : HikariPool-1 - Shutdown initiated...
2025-11-03T20:18:02.579-03:00  INFO 1424 --- [SpringApplicationShutdownHook] com.zaxxer.hikari.HikariDataSource       : HikariPool-1 - Shutdown completed.
2025-11-03T20:19:35.678-03:00  INFO 5424 --- [restartedMain] c.l.LabUsuarios.UsuariosApplication      : Starting UsuariosApplication using Java 21.0.6 with PID 5424 (C:\Users\sebas\OneDrive\Escritorio\Ing de Software\Desarrollo_FS\FS3\proyectoBimestre\Laboratorio_Service\LabUsuarios\target\classes started by sebas in C:\Users\sebas\OneDrive\Escritorio\Ing de Software\Desarrollo_FS\FS3\proyectoBimestre\Laboratorio_Service\LabUsuarios)
2025-11-03T20:19:35.686-03:00  INFO 5424 --- [restartedMain] c.l.LabUsuarios.UsuariosApplication      : No active profile set, falling back to 1 default profile: "default"
2025-11-03T20:19:35.813-03:00  INFO 5424 --- [restartedMain] o.s.b.devtools.restart.ChangeableUrls    : The Class-Path manifest attribute in C:\Users\sebas\.m2\repository\com\oracle\database\jdbc\ojdbc11\23.7.0.25.01\ojdbc11-23.7.0.25.01.jar referenced one or more files that do not exist: file:/C:/Users/sebas/.m2/repository/com/oracle/database/jdbc/ojdbc11/23.7.0.25.01/oraclepki.jar
2025-11-03T20:19:35.814-03:00  INFO 5424 --- [restartedMain] .e.DevToolsPropertyDefaultsPostProcessor : Devtools property defaults active! Set 'spring.devtools.add-properties' to 'false' to disable
2025-11-03T20:19:35.814-03:00  INFO 5424 --- [restartedMain] .e.DevToolsPropertyDefaultsPostProcessor : For additional web related logging consider setting the 'logging.level.web' property to 'DEBUG'
2025-11-03T20:19:37.567-03:00  INFO 5424 --- [restartedMain] .s.d.r.c.RepositoryConfigurationDelegate : Multiple Spring Data modules found, entering strict repository configuration mode
2025-11-03T20:19:37.573-03:00  INFO 5424 --- [restartedMain] .s.d.r.c.RepositoryConfigurationDelegate : Bootstrapping Spring Data JDBC repositories in DEFAULT mode.
2025-11-03T20:19:37.697-03:00  INFO 5424 --- [restartedMain] .RepositoryConfigurationExtensionSupport : Spring Data JDBC - Could not safely identify store assignment for repository candidate interface com.laboratorio.LabUsuarios.repository.TokenRepository; If you want this repository to be a JDBC repository, consider annotating your entities with one of these annotations: org.springframework.data.relational.core.mapping.Table.
2025-11-03T20:19:37.703-03:00  INFO 5424 --- [restartedMain] .RepositoryConfigurationExtensionSupport : Spring Data JDBC - Could not safely identify store assignment for repository candidate interface com.laboratorio.LabUsuarios.repository.UsuarioRepository; If you want this repository to be a JDBC repository, consider annotating your entities with one of these annotations: org.springframework.data.relational.core.mapping.Table.
2025-11-03T20:19:37.704-03:00  INFO 5424 --- [restartedMain] .s.d.r.c.RepositoryConfigurationDelegate : Finished Spring Data repository scanning in 109 ms. Found 0 JDBC repository interfaces.
2025-11-03T20:19:37.742-03:00  INFO 5424 --- [restartedMain] .s.d.r.c.RepositoryConfigurationDelegate : Multiple Spring Data modules found, entering strict repository configuration mode
2025-11-03T20:19:37.745-03:00  INFO 5424 --- [restartedMain] .s.d.r.c.RepositoryConfigurationDelegate : Bootstrapping Spring Data JPA repositories in DEFAULT mode.
2025-11-03T20:19:37.841-03:00  INFO 5424 --- [restartedMain] .s.d.r.c.RepositoryConfigurationDelegate : Finished Spring Data repository scanning in 84 ms. Found 2 JPA repository interfaces.
2025-11-03T20:19:39.471-03:00  INFO 5424 --- [restartedMain] o.s.b.w.embedded.tomcat.TomcatWebServer  : Tomcat initialized with port 8080 (http)
2025-11-03T20:19:39.512-03:00  INFO 5424 --- [restartedMain] o.apache.catalina.core.StandardService   : Starting service [Tomcat]
2025-11-03T20:19:39.513-03:00  INFO 5424 --- [restartedMain] o.apache.catalina.core.StandardEngine    : Starting Servlet engine: [Apache Tomcat/10.1.48]
2025-11-03T20:19:39.641-03:00  INFO 5424 --- [restartedMain] o.a.c.c.C.[Tomcat].[localhost].[/api]    : Initializing Spring embedded WebApplicationContext
2025-11-03T20:19:39.642-03:00  INFO 5424 --- [restartedMain] w.s.c.ServletWebServerApplicationContext : Root WebApplicationContext: initialization completed in 3826 ms
2025-11-03T20:19:40.372-03:00  INFO 5424 --- [restartedMain] com.zaxxer.hikari.HikariDataSource       : HikariPool-1 - Starting...
2025-11-03T20:19:42.256-03:00  INFO 5424 --- [restartedMain] com.zaxxer.hikari.pool.HikariPool        : HikariPool-1 - Added connection oracle.jdbc.driver.T4CConnection@27b80b40
2025-11-03T20:19:42.260-03:00  INFO 5424 --- [restartedMain] com.zaxxer.hikari.HikariDataSource       : HikariPool-1 - Start completed.
2025-11-03T20:19:42.361-03:00  INFO 5424 --- [restartedMain] o.hibernate.jpa.internal.util.LogHelper  : HHH000204: Processing PersistenceUnitInfo [name: default]
2025-11-03T20:19:42.541-03:00  INFO 5424 --- [restartedMain] org.hibernate.Version                    : HHH000412: Hibernate ORM core version 6.6.33.Final
2025-11-03T20:19:42.638-03:00  INFO 5424 --- [restartedMain] o.h.c.internal.RegionFactoryInitiator    : HHH000026: Second-level cache disabled
2025-11-03T20:19:43.366-03:00  INFO 5424 --- [restartedMain] o.s.o.j.p.SpringPersistenceUnitInfo      : No LoadTimeWeaver setup: ignoring JPA class transformer
2025-11-03T20:19:44.063-03:00  INFO 5424 --- [restartedMain] org.hibernate.orm.connections.pooling    : HHH10001005: Database info:
	Database JDBC URL [Connecting through datasource 'HikariDataSource (HikariPool-1)']
	Database driver: undefined/unknown
	Database version: 19.29
	Autocommit mode: undefined/unknown
	Isolation level: undefined/unknown
	Minimum pool size: undefined/unknown
	Maximum pool size: undefined/unknown
2025-11-03T20:19:45.816-03:00 DEBUG 5424 --- [restartedMain] org.hibernate.SQL                        : create global temporary table HTE_token(expired number(1,0), revoked number(1,0), rn_ number(10,0) not null, id number(19,0), id_usuario number(19,0), token varchar2(255 char), token_type varchar2(255 char), primary key (rn_)) on commit delete rows
2025-11-03T20:19:46.060-03:00  INFO 5424 --- [restartedMain] o.h.e.t.j.p.i.JtaPlatformInitiator       : HHH000489: No JTA platform available (set 'hibernate.transaction.jta.platform' to enable JTA platform integration)
2025-11-03T20:19:46.064-03:00  INFO 5424 --- [restartedMain] j.LocalContainerEntityManagerFactoryBean : Initialized JPA EntityManagerFactory for persistence unit 'default'
2025-11-03T20:19:46.578-03:00  WARN 5424 --- [restartedMain] JpaBaseConfiguration$JpaWebConfiguration : spring.jpa.open-in-view is enabled by default. Therefore, database queries may be performed during view rendering. Explicitly configure spring.jpa.open-in-view to disable this warning
2025-11-03T20:19:46.890-03:00 DEBUG 5424 --- [restartedMain] s.w.s.m.m.a.RequestMappingHandlerMapping : 7 mappings in 'requestMappingHandlerMapping'
2025-11-03T20:19:47.135-03:00 DEBUG 5424 --- [restartedMain] o.s.w.s.handler.SimpleUrlHandlerMapping  : Patterns [/webjars/**, /**] in 'resourceHandlerMapping'
2025-11-03T20:19:47.226-03:00 DEBUG 5424 --- [restartedMain] s.w.s.m.m.a.RequestMappingHandlerAdapter : ControllerAdvice beans: 0 @ModelAttribute, 0 @InitBinder, 1 RequestBodyAdvice, 1 ResponseBodyAdvice
2025-11-03T20:19:47.376-03:00 DEBUG 5424 --- [restartedMain] .m.m.a.ExceptionHandlerExceptionResolver : ControllerAdvice beans: 1 @ExceptionHandler, 1 ResponseBodyAdvice
2025-11-03T20:19:48.428-03:00  WARN 5424 --- [restartedMain] .s.s.UserDetailsServiceAutoConfiguration : 

Using generated security password: 1394f91e-410e-4b6b-bd68-4a459066c2d7

This generated password is for development use only. Your security configuration must be updated before running your application in production.

2025-11-03T20:19:48.503-03:00  INFO 5424 --- [restartedMain] r$InitializeUserDetailsManagerConfigurer : Global AuthenticationManager configured with UserDetailsService bean with name inMemoryUserDetailsManager
2025-11-03T20:19:49.557-03:00  INFO 5424 --- [restartedMain] o.s.b.d.a.OptionalLiveReloadServer       : LiveReload server is running on port 35729
2025-11-03T20:19:49.621-03:00  INFO 5424 --- [restartedMain] o.s.b.w.embedded.tomcat.TomcatWebServer  : Tomcat started on port 8080 (http) with context path '/api'
2025-11-03T20:19:49.647-03:00  INFO 5424 --- [restartedMain] c.l.LabUsuarios.UsuariosApplication      : Started UsuariosApplication in 15.215 seconds (process running for 16.56)
2025-11-03T20:19:58.790-03:00  INFO 5424 --- [http-nio-8080-exec-2] o.a.c.c.C.[Tomcat].[localhost].[/api]    : Initializing Spring DispatcherServlet 'dispatcherServlet'
2025-11-03T20:19:58.791-03:00  INFO 5424 --- [http-nio-8080-exec-2] o.s.web.servlet.DispatcherServlet        : Initializing Servlet 'dispatcherServlet'
2025-11-03T20:19:58.791-03:00 DEBUG 5424 --- [http-nio-8080-exec-2] o.s.web.servlet.DispatcherServlet        : Detected StandardServletMultipartResolver
2025-11-03T20:19:58.791-03:00 DEBUG 5424 --- [http-nio-8080-exec-2] o.s.web.servlet.DispatcherServlet        : Detected AcceptHeaderLocaleResolver
2025-11-03T20:19:58.791-03:00 DEBUG 5424 --- [http-nio-8080-exec-2] o.s.web.servlet.DispatcherServlet        : Detected FixedThemeResolver
2025-11-03T20:19:58.793-03:00 DEBUG 5424 --- [http-nio-8080-exec-2] o.s.web.servlet.DispatcherServlet        : Detected org.springframework.web.servlet.view.DefaultRequestToViewNameTranslator@38736e9
2025-11-03T20:19:58.794-03:00 DEBUG 5424 --- [http-nio-8080-exec-2] o.s.web.servlet.DispatcherServlet        : Detected org.springframework.web.servlet.support.SessionFlashMapManager@7ca3d27f
2025-11-03T20:19:58.795-03:00 DEBUG 5424 --- [http-nio-8080-exec-2] o.s.web.servlet.DispatcherServlet        : enableLoggingRequestDetails='false': request parameters and headers will be masked to prevent unsafe logging of potentially sensitive data
2025-11-03T20:19:58.796-03:00  INFO 5424 --- [http-nio-8080-exec-2] o.s.web.servlet.DispatcherServlet        : Completed initialization in 5 ms
2025-11-03T20:21:00.940-03:00  INFO 5424 --- [SpringApplicationShutdownHook] o.s.b.w.e.tomcat.GracefulShutdown        : Commencing graceful shutdown. Waiting for active requests to complete
2025-11-03T20:21:00.961-03:00  INFO 5424 --- [tomcat-shutdown] o.s.b.w.e.tomcat.GracefulShutdown        : Graceful shutdown complete
2025-11-03T20:21:00.968-03:00  INFO 5424 --- [SpringApplicationShutdownHook] j.LocalContainerEntityManagerFactoryBean : Closing JPA EntityManagerFactory for persistence unit 'default'
2025-11-03T20:21:00.975-03:00  INFO 5424 --- [SpringApplicationShutdownHook] com.zaxxer.hikari.HikariDataSource       : HikariPool-1 - Shutdown initiated...
2025-11-03T20:21:01.056-03:00  INFO 5424 --- [SpringApplicationShutdownHook] com.zaxxer.hikari.HikariDataSource       : HikariPool-1 - Shutdown completed.
2025-11-03T20:21:23.452-03:00  INFO 17200 --- [restartedMain] c.l.LabUsuarios.UsuariosApplication      : Starting UsuariosApplication using Java 21.0.6 with PID 17200 (C:\Users\sebas\OneDrive\Escritorio\Ing de Software\Desarrollo_FS\FS3\proyectoBimestre\Laboratorio_Service\LabUsuarios\target\classes started by sebas in C:\Users\sebas\OneDrive\Escritorio\Ing de Software\Desarrollo_FS\FS3\proyectoBimestre\Laboratorio_Service\LabUsuarios)
2025-11-03T20:21:23.458-03:00  INFO 17200 --- [restartedMain] c.l.LabUsuarios.UsuariosApplication      : No active profile set, falling back to 1 default profile: "default"
2025-11-03T20:21:23.600-03:00  INFO 17200 --- [restartedMain] o.s.b.devtools.restart.ChangeableUrls    : The Class-Path manifest attribute in C:\Users\sebas\.m2\repository\com\oracle\database\jdbc\ojdbc11\23.7.0.25.01\ojdbc11-23.7.0.25.01.jar referenced one or more files that do not exist: file:/C:/Users/sebas/.m2/repository/com/oracle/database/jdbc/ojdbc11/23.7.0.25.01/oraclepki.jar
2025-11-03T20:21:23.601-03:00  INFO 17200 --- [restartedMain] .e.DevToolsPropertyDefaultsPostProcessor : Devtools property defaults active! Set 'spring.devtools.add-properties' to 'false' to disable
2025-11-03T20:21:23.602-03:00  INFO 17200 --- [restartedMain] .e.DevToolsPropertyDefaultsPostProcessor : For additional web related logging consider setting the 'logging.level.web' property to 'DEBUG'
2025-11-03T20:21:25.290-03:00  INFO 17200 --- [restartedMain] .s.d.r.c.RepositoryConfigurationDelegate : Multiple Spring Data modules found, entering strict repository configuration mode
2025-11-03T20:21:25.294-03:00  INFO 17200 --- [restartedMain] .s.d.r.c.RepositoryConfigurationDelegate : Bootstrapping Spring Data JDBC repositories in DEFAULT mode.
2025-11-03T20:21:25.408-03:00  INFO 17200 --- [restartedMain] .RepositoryConfigurationExtensionSupport : Spring Data JDBC - Could not safely identify store assignment for repository candidate interface com.laboratorio.LabUsuarios.repository.TokenRepository; If you want this repository to be a JDBC repository, consider annotating your entities with one of these annotations: org.springframework.data.relational.core.mapping.Table.
2025-11-03T20:21:25.412-03:00  INFO 17200 --- [restartedMain] .RepositoryConfigurationExtensionSupport : Spring Data JDBC - Could not safely identify store assignment for repository candidate interface com.laboratorio.LabUsuarios.repository.UsuarioRepository; If you want this repository to be a JDBC repository, consider annotating your entities with one of these annotations: org.springframework.data.relational.core.mapping.Table.
2025-11-03T20:21:25.414-03:00  INFO 17200 --- [restartedMain] .s.d.r.c.RepositoryConfigurationDelegate : Finished Spring Data repository scanning in 102 ms. Found 0 JDBC repository interfaces.
2025-11-03T20:21:25.444-03:00  INFO 17200 --- [restartedMain] .s.d.r.c.RepositoryConfigurationDelegate : Multiple Spring Data modules found, entering strict repository configuration mode
2025-11-03T20:21:25.447-03:00  INFO 17200 --- [restartedMain] .s.d.r.c.RepositoryConfigurationDelegate : Bootstrapping Spring Data JPA repositories in DEFAULT mode.
2025-11-03T20:21:25.574-03:00  INFO 17200 --- [restartedMain] .s.d.r.c.RepositoryConfigurationDelegate : Finished Spring Data repository scanning in 116 ms. Found 2 JPA repository interfaces.
2025-11-03T20:21:27.264-03:00  INFO 17200 --- [restartedMain] o.s.b.w.embedded.tomcat.TomcatWebServer  : Tomcat initialized with port 8080 (http)
2025-11-03T20:21:27.308-03:00  INFO 17200 --- [restartedMain] o.apache.catalina.core.StandardService   : Starting service [Tomcat]
2025-11-03T20:21:27.309-03:00  INFO 17200 --- [restartedMain] o.apache.catalina.core.StandardEngine    : Starting Servlet engine: [Apache Tomcat/10.1.48]
2025-11-03T20:21:27.422-03:00  INFO 17200 --- [restartedMain] o.a.c.c.C.[Tomcat].[localhost].[/api]    : Initializing Spring embedded WebApplicationContext
2025-11-03T20:21:27.423-03:00  INFO 17200 --- [restartedMain] w.s.c.ServletWebServerApplicationContext : Root WebApplicationContext: initialization completed in 3819 ms
2025-11-03T20:21:28.171-03:00  INFO 17200 --- [restartedMain] com.zaxxer.hikari.HikariDataSource       : HikariPool-1 - Starting...
2025-11-03T20:21:30.253-03:00  INFO 17200 --- [restartedMain] com.zaxxer.hikari.pool.HikariPool        : HikariPool-1 - Added connection oracle.jdbc.driver.T4CConnection@7339dced
2025-11-03T20:21:30.256-03:00  INFO 17200 --- [restartedMain] com.zaxxer.hikari.HikariDataSource       : HikariPool-1 - Start completed.
2025-11-03T20:21:30.345-03:00  INFO 17200 --- [restartedMain] o.hibernate.jpa.internal.util.LogHelper  : HHH000204: Processing PersistenceUnitInfo [name: default]
2025-11-03T20:21:30.594-03:00  INFO 17200 --- [restartedMain] org.hibernate.Version                    : HHH000412: Hibernate ORM core version 6.6.33.Final
2025-11-03T20:21:30.722-03:00  INFO 17200 --- [restartedMain] o.h.c.internal.RegionFactoryInitiator    : HHH000026: Second-level cache disabled
2025-11-03T20:21:31.522-03:00  INFO 17200 --- [restartedMain] o.s.o.j.p.SpringPersistenceUnitInfo      : No LoadTimeWeaver setup: ignoring JPA class transformer
2025-11-03T20:21:32.176-03:00  INFO 17200 --- [restartedMain] org.hibernate.orm.connections.pooling    : HHH10001005: Database info:
	Database JDBC URL [Connecting through datasource 'HikariDataSource (HikariPool-1)']
	Database driver: undefined/unknown
	Database version: 19.29
	Autocommit mode: undefined/unknown
	Isolation level: undefined/unknown
	Minimum pool size: undefined/unknown
	Maximum pool size: undefined/unknown
2025-11-03T20:21:33.869-03:00 DEBUG 17200 --- [restartedMain] org.hibernate.SQL                        : create global temporary table HTE_token(expired number(1,0), revoked number(1,0), rn_ number(10,0) not null, id number(19,0), id_usuario number(19,0), token varchar2(255 char), token_type varchar2(255 char), primary key (rn_)) on commit delete rows
2025-11-03T20:21:34.102-03:00  INFO 17200 --- [restartedMain] o.h.e.t.j.p.i.JtaPlatformInitiator       : HHH000489: No JTA platform available (set 'hibernate.transaction.jta.platform' to enable JTA platform integration)
2025-11-03T20:21:34.106-03:00  INFO 17200 --- [restartedMain] j.LocalContainerEntityManagerFactoryBean : Initialized JPA EntityManagerFactory for persistence unit 'default'
2025-11-03T20:21:34.627-03:00  WARN 17200 --- [restartedMain] JpaBaseConfiguration$JpaWebConfiguration : spring.jpa.open-in-view is enabled by default. Therefore, database queries may be performed during view rendering. Explicitly configure spring.jpa.open-in-view to disable this warning
2025-11-03T20:21:34.869-03:00 DEBUG 17200 --- [restartedMain] s.w.s.m.m.a.RequestMappingHandlerMapping : 7 mappings in 'requestMappingHandlerMapping'
2025-11-03T20:21:35.084-03:00 DEBUG 17200 --- [restartedMain] o.s.w.s.handler.SimpleUrlHandlerMapping  : Patterns [/webjars/**, /**] in 'resourceHandlerMapping'
2025-11-03T20:21:35.152-03:00 DEBUG 17200 --- [restartedMain] s.w.s.m.m.a.RequestMappingHandlerAdapter : ControllerAdvice beans: 0 @ModelAttribute, 0 @InitBinder, 1 RequestBodyAdvice, 1 ResponseBodyAdvice
2025-11-03T20:21:35.277-03:00 DEBUG 17200 --- [restartedMain] .m.m.a.ExceptionHandlerExceptionResolver : ControllerAdvice beans: 1 @ExceptionHandler, 1 ResponseBodyAdvice
2025-11-03T20:21:35.773-03:00  WARN 17200 --- [restartedMain] .s.s.UserDetailsServiceAutoConfiguration : 

Using generated security password: aa68839a-e2be-4674-a05b-8de17c77f3f6

This generated password is for development use only. Your security configuration must be updated before running your application in production.

2025-11-03T20:21:35.787-03:00  INFO 17200 --- [restartedMain] r$InitializeUserDetailsManagerConfigurer : Global AuthenticationManager configured with UserDetailsService bean with name inMemoryUserDetailsManager
2025-11-03T20:21:36.168-03:00  INFO 17200 --- [restartedMain] o.s.b.d.a.OptionalLiveReloadServer       : LiveReload server is running on port 35729
2025-11-03T20:21:36.245-03:00  INFO 17200 --- [restartedMain] o.s.b.w.embedded.tomcat.TomcatWebServer  : Tomcat started on port 8080 (http) with context path '/api'
2025-11-03T20:21:36.270-03:00  INFO 17200 --- [restartedMain] c.l.LabUsuarios.UsuariosApplication      : Started UsuariosApplication in 14.029 seconds (process running for 15.378)
2025-11-03T20:23:05.535-03:00  INFO 17200 --- [http-nio-8080-exec-2] o.a.c.c.C.[Tomcat].[localhost].[/api]    : Initializing Spring DispatcherServlet 'dispatcherServlet'
2025-11-03T20:23:05.536-03:00  INFO 17200 --- [http-nio-8080-exec-2] o.s.web.servlet.DispatcherServlet        : Initializing Servlet 'dispatcherServlet'
2025-11-03T20:23:05.538-03:00 DEBUG 17200 --- [http-nio-8080-exec-2] o.s.web.servlet.DispatcherServlet        : Detected StandardServletMultipartResolver
2025-11-03T20:23:05.539-03:00 DEBUG 17200 --- [http-nio-8080-exec-2] o.s.web.servlet.DispatcherServlet        : Detected AcceptHeaderLocaleResolver
2025-11-03T20:23:05.539-03:00 DEBUG 17200 --- [http-nio-8080-exec-2] o.s.web.servlet.DispatcherServlet        : Detected FixedThemeResolver
2025-11-03T20:23:05.542-03:00 DEBUG 17200 --- [http-nio-8080-exec-2] o.s.web.servlet.DispatcherServlet        : Detected org.springframework.web.servlet.view.DefaultRequestToViewNameTranslator@5fa6aff9
2025-11-03T20:23:05.543-03:00 DEBUG 17200 --- [http-nio-8080-exec-2] o.s.web.servlet.DispatcherServlet        : Detected org.springframework.web.servlet.support.SessionFlashMapManager@333799d
2025-11-03T20:23:05.544-03:00 DEBUG 17200 --- [http-nio-8080-exec-2] o.s.web.servlet.DispatcherServlet        : enableLoggingRequestDetails='false': request parameters and headers will be masked to prevent unsafe logging of potentially sensitive data
2025-11-03T20:23:05.544-03:00  INFO 17200 --- [http-nio-8080-exec-2] o.s.web.servlet.DispatcherServlet        : Completed initialization in 7 ms
2025-11-03T20:27:03.014-03:00  INFO 17200 --- [SpringApplicationShutdownHook] o.s.b.w.e.tomcat.GracefulShutdown        : Commencing graceful shutdown. Waiting for active requests to complete
2025-11-03T20:27:03.039-03:00  INFO 17200 --- [tomcat-shutdown] o.s.b.w.e.tomcat.GracefulShutdown        : Graceful shutdown complete
2025-11-03T20:27:03.048-03:00  INFO 17200 --- [SpringApplicationShutdownHook] j.LocalContainerEntityManagerFactoryBean : Closing JPA EntityManagerFactory for persistence unit 'default'
2025-11-03T20:27:03.058-03:00  INFO 17200 --- [SpringApplicationShutdownHook] com.zaxxer.hikari.HikariDataSource       : HikariPool-1 - Shutdown initiated...
2025-11-03T20:27:03.069-03:00  WARN 17200 --- [HikariPool-1:housekeeper] com.zaxxer.hikari.pool.PoolBase          : HikariPool-1 - Failed to validate connection oracle.jdbc.driver.T4CConnection@37e2b771 (ORA-17008: Conexión cerrada
https://docs.oracle.com/error-help/db/ora-17008/). Possibly consider using a shorter maxLifetime value.
2025-11-03T20:27:07.883-03:00  INFO 17200 --- [SpringApplicationShutdownHook] com.zaxxer.hikari.HikariDataSource       : HikariPool-1 - Shutdown completed.
2025-11-03T20:28:10.308-03:00  INFO 9252 --- [restartedMain] c.l.LabUsuarios.UsuariosApplication      : Starting UsuariosApplication using Java 21.0.6 with PID 9252 (C:\Users\sebas\OneDrive\Escritorio\Ing de Software\Desarrollo_FS\FS3\proyectoBimestre\Laboratorio_Service\LabUsuarios\target\classes started by sebas in C:\Users\sebas\OneDrive\Escritorio\Ing de Software\Desarrollo_FS\FS3\proyectoBimestre\Laboratorio_Service\LabUsuarios)
2025-11-03T20:28:10.312-03:00  INFO 9252 --- [restartedMain] c.l.LabUsuarios.UsuariosApplication      : No active profile set, falling back to 1 default profile: "default"
2025-11-03T20:28:10.440-03:00  INFO 9252 --- [restartedMain] o.s.b.devtools.restart.ChangeableUrls    : The Class-Path manifest attribute in C:\Users\sebas\.m2\repository\com\oracle\database\jdbc\ojdbc11\23.7.0.25.01\ojdbc11-23.7.0.25.01.jar referenced one or more files that do not exist: file:/C:/Users/sebas/.m2/repository/com/oracle/database/jdbc/ojdbc11/23.7.0.25.01/oraclepki.jar
2025-11-03T20:28:10.441-03:00  INFO 9252 --- [restartedMain] .e.DevToolsPropertyDefaultsPostProcessor : Devtools property defaults active! Set 'spring.devtools.add-properties' to 'false' to disable
2025-11-03T20:28:10.441-03:00  INFO 9252 --- [restartedMain] .e.DevToolsPropertyDefaultsPostProcessor : For additional web related logging consider setting the 'logging.level.web' property to 'DEBUG'
2025-11-03T20:28:12.421-03:00  INFO 9252 --- [restartedMain] .s.d.r.c.RepositoryConfigurationDelegate : Multiple Spring Data modules found, entering strict repository configuration mode
2025-11-03T20:28:12.424-03:00  INFO 9252 --- [restartedMain] .s.d.r.c.RepositoryConfigurationDelegate : Bootstrapping Spring Data JDBC repositories in DEFAULT mode.
2025-11-03T20:28:12.509-03:00  INFO 9252 --- [restartedMain] .RepositoryConfigurationExtensionSupport : Spring Data JDBC - Could not safely identify store assignment for repository candidate interface com.laboratorio.LabUsuarios.repository.TokenRepository; If you want this repository to be a JDBC repository, consider annotating your entities with one of these annotations: org.springframework.data.relational.core.mapping.Table.
2025-11-03T20:28:12.514-03:00  INFO 9252 --- [restartedMain] .RepositoryConfigurationExtensionSupport : Spring Data JDBC - Could not safely identify store assignment for repository candidate interface com.laboratorio.LabUsuarios.repository.UsuarioRepository; If you want this repository to be a JDBC repository, consider annotating your entities with one of these annotations: org.springframework.data.relational.core.mapping.Table.
2025-11-03T20:28:12.515-03:00  INFO 9252 --- [restartedMain] .s.d.r.c.RepositoryConfigurationDelegate : Finished Spring Data repository scanning in 75 ms. Found 0 JDBC repository interfaces.
2025-11-03T20:28:12.542-03:00  INFO 9252 --- [restartedMain] .s.d.r.c.RepositoryConfigurationDelegate : Multiple Spring Data modules found, entering strict repository configuration mode
2025-11-03T20:28:12.543-03:00  INFO 9252 --- [restartedMain] .s.d.r.c.RepositoryConfigurationDelegate : Bootstrapping Spring Data JPA repositories in DEFAULT mode.
2025-11-03T20:28:12.617-03:00  INFO 9252 --- [restartedMain] .s.d.r.c.RepositoryConfigurationDelegate : Finished Spring Data repository scanning in 63 ms. Found 2 JPA repository interfaces.
2025-11-03T20:28:14.221-03:00  INFO 9252 --- [restartedMain] o.s.b.w.embedded.tomcat.TomcatWebServer  : Tomcat initialized with port 8080 (http)
2025-11-03T20:28:14.274-03:00  INFO 9252 --- [restartedMain] o.apache.catalina.core.StandardService   : Starting service [Tomcat]
2025-11-03T20:28:14.274-03:00  INFO 9252 --- [restartedMain] o.apache.catalina.core.StandardEngine    : Starting Servlet engine: [Apache Tomcat/10.1.48]
2025-11-03T20:28:14.369-03:00  INFO 9252 --- [restartedMain] o.a.c.c.C.[Tomcat].[localhost].[/api]    : Initializing Spring embedded WebApplicationContext
2025-11-03T20:28:14.369-03:00  INFO 9252 --- [restartedMain] w.s.c.ServletWebServerApplicationContext : Root WebApplicationContext: initialization completed in 3926 ms
2025-11-03T20:28:15.067-03:00  INFO 9252 --- [restartedMain] com.zaxxer.hikari.HikariDataSource       : HikariPool-1 - Starting...
2025-11-03T20:28:16.986-03:00  INFO 9252 --- [restartedMain] com.zaxxer.hikari.pool.HikariPool        : HikariPool-1 - Added connection oracle.jdbc.driver.T4CConnection@5a7dd06e
2025-11-03T20:28:16.989-03:00  INFO 9252 --- [restartedMain] com.zaxxer.hikari.HikariDataSource       : HikariPool-1 - Start completed.
2025-11-03T20:28:17.108-03:00  INFO 9252 --- [restartedMain] o.hibernate.jpa.internal.util.LogHelper  : HHH000204: Processing PersistenceUnitInfo [name: default]
2025-11-03T20:28:17.277-03:00  INFO 9252 --- [restartedMain] org.hibernate.Version                    : HHH000412: Hibernate ORM core version 6.6.33.Final
2025-11-03T20:28:17.392-03:00  INFO 9252 --- [restartedMain] o.h.c.internal.RegionFactoryInitiator    : HHH000026: Second-level cache disabled
2025-11-03T20:28:18.156-03:00  INFO 9252 --- [restartedMain] o.s.o.j.p.SpringPersistenceUnitInfo      : No LoadTimeWeaver setup: ignoring JPA class transformer
2025-11-03T20:28:18.729-03:00  INFO 9252 --- [restartedMain] org.hibernate.orm.connections.pooling    : HHH10001005: Database info:
	Database JDBC URL [Connecting through datasource 'HikariDataSource (HikariPool-1)']
	Database driver: undefined/unknown
	Database version: 19.29
	Autocommit mode: undefined/unknown
	Isolation level: undefined/unknown
	Minimum pool size: undefined/unknown
	Maximum pool size: undefined/unknown
2025-11-03T20:28:20.376-03:00 DEBUG 9252 --- [restartedMain] org.hibernate.SQL                        : create global temporary table HTE_token(expired number(1,0), revoked number(1,0), rn_ number(10,0) not null, id number(19,0), id_usuario number(19,0), token varchar2(255 char), token_type varchar2(255 char), primary key (rn_)) on commit delete rows
2025-11-03T20:28:20.632-03:00  INFO 9252 --- [restartedMain] o.h.e.t.j.p.i.JtaPlatformInitiator       : HHH000489: No JTA platform available (set 'hibernate.transaction.jta.platform' to enable JTA platform integration)
2025-11-03T20:28:20.637-03:00  INFO 9252 --- [restartedMain] j.LocalContainerEntityManagerFactoryBean : Initialized JPA EntityManagerFactory for persistence unit 'default'
2025-11-03T20:28:21.050-03:00  WARN 9252 --- [restartedMain] JpaBaseConfiguration$JpaWebConfiguration : spring.jpa.open-in-view is enabled by default. Therefore, database queries may be performed during view rendering. Explicitly configure spring.jpa.open-in-view to disable this warning
2025-11-03T20:28:21.114-03:00  WARN 9252 --- [restartedMain] .s.s.UserDetailsServiceAutoConfiguration : 

Using generated security password: b6ee660c-82b4-4f60-ae05-6fb01305e656

This generated password is for development use only. Your security configuration must be updated before running your application in production.

2025-11-03T20:28:21.133-03:00  INFO 9252 --- [restartedMain] r$InitializeUserDetailsManagerConfigurer : Global AuthenticationManager configured with UserDetailsService bean with name inMemoryUserDetailsManager
2025-11-03T20:28:21.566-03:00 DEBUG 9252 --- [restartedMain] s.w.s.m.m.a.RequestMappingHandlerMapping : 7 mappings in 'requestMappingHandlerMapping'
2025-11-03T20:28:21.727-03:00 DEBUG 9252 --- [restartedMain] o.s.w.s.handler.SimpleUrlHandlerMapping  : Patterns [/webjars/**, /**] in 'resourceHandlerMapping'
2025-11-03T20:28:21.778-03:00 DEBUG 9252 --- [restartedMain] s.w.s.m.m.a.RequestMappingHandlerAdapter : ControllerAdvice beans: 0 @ModelAttribute, 0 @InitBinder, 1 RequestBodyAdvice, 1 ResponseBodyAdvice
2025-11-03T20:28:21.887-03:00 DEBUG 9252 --- [restartedMain] .m.m.a.ExceptionHandlerExceptionResolver : ControllerAdvice beans: 1 @ExceptionHandler, 1 ResponseBodyAdvice
2025-11-03T20:28:25.545-03:00  INFO 9252 --- [restartedMain] o.s.b.d.a.OptionalLiveReloadServer       : LiveReload server is running on port 35729
2025-11-03T20:28:25.665-03:00  INFO 9252 --- [restartedMain] o.s.b.w.embedded.tomcat.TomcatWebServer  : Tomcat started on port 8080 (http) with context path '/api'
2025-11-03T20:28:25.685-03:00  INFO 9252 --- [restartedMain] c.l.LabUsuarios.UsuariosApplication      : Started UsuariosApplication in 16.566 seconds (process running for 17.884)
2025-11-03T20:28:32.207-03:00  INFO 9252 --- [http-nio-8080-exec-2] o.a.c.c.C.[Tomcat].[localhost].[/api]    : Initializing Spring DispatcherServlet 'dispatcherServlet'
2025-11-03T20:28:32.207-03:00  INFO 9252 --- [http-nio-8080-exec-2] o.s.web.servlet.DispatcherServlet        : Initializing Servlet 'dispatcherServlet'
2025-11-03T20:28:32.208-03:00 DEBUG 9252 --- [http-nio-8080-exec-2] o.s.web.servlet.DispatcherServlet        : Detected StandardServletMultipartResolver
2025-11-03T20:28:32.208-03:00 DEBUG 9252 --- [http-nio-8080-exec-2] o.s.web.servlet.DispatcherServlet        : Detected AcceptHeaderLocaleResolver
2025-11-03T20:28:32.208-03:00 DEBUG 9252 --- [http-nio-8080-exec-2] o.s.web.servlet.DispatcherServlet        : Detected FixedThemeResolver
2025-11-03T20:28:32.210-03:00 DEBUG 9252 --- [http-nio-8080-exec-2] o.s.web.servlet.DispatcherServlet        : Detected org.springframework.web.servlet.view.DefaultRequestToViewNameTranslator@10b06e44
2025-11-03T20:28:32.211-03:00 DEBUG 9252 --- [http-nio-8080-exec-2] o.s.web.servlet.DispatcherServlet        : Detected org.springframework.web.servlet.support.SessionFlashMapManager@544f5fbd
2025-11-03T20:28:32.211-03:00 DEBUG 9252 --- [http-nio-8080-exec-2] o.s.web.servlet.DispatcherServlet        : enableLoggingRequestDetails='false': request parameters and headers will be masked to prevent unsafe logging of potentially sensitive data
2025-11-03T20:28:32.212-03:00  INFO 9252 --- [http-nio-8080-exec-2] o.s.web.servlet.DispatcherServlet        : Completed initialization in 3 ms
2025-11-03T20:28:32.275-03:00 DEBUG 9252 --- [http-nio-8080-exec-2] o.s.web.servlet.DispatcherServlet        : GET "/api/usuarios/all", parameters={}
2025-11-03T20:28:32.279-03:00 DEBUG 9252 --- [http-nio-8080-exec-2] s.w.s.m.m.a.RequestMappingHandlerMapping : Mapped to com.laboratorio.LabUsuarios.controller.UsuarioController#getAllUsuarios()
2025-11-03T20:28:32.375-03:00  INFO 9252 --- [http-nio-8080-exec-2] c.l.L.controller.UsuarioController       : Obteninendo todos los Usuarios
2025-11-03T20:28:32.376-03:00  INFO 9252 --- [http-nio-8080-exec-2] c.l.L.service.UsuarioServiceImpl         : Buscando todos los usuarios - metodo getAllUsuarios
2025-11-03T20:28:32.666-03:00 DEBUG 9252 --- [http-nio-8080-exec-2] org.hibernate.SQL                        : select ue1_0.id,ue1_0.ap_usuario,ue1_0.contraseña,ue1_0.correo,ue1_0.nom_usuario,ue1_0.rol,ue1_0.telefono from usuario ue1_0
2025-11-03T20:28:32.778-03:00  INFO 9252 --- [http-nio-8080-exec-2] c.l.L.controller.UsuarioController       : Usuarios Obtenidos 5 
2025-11-03T20:28:32.812-03:00 DEBUG 9252 --- [http-nio-8080-exec-2] o.s.w.s.m.m.a.HttpEntityMethodProcessor  : Using 'application/json', given [*/*] and supported [application/json, application/*+json]
2025-11-03T20:28:32.815-03:00 DEBUG 9252 --- [http-nio-8080-exec-2] o.s.w.s.m.m.a.HttpEntityMethodProcessor  : Writing [[com.laboratorio.LabUsuarios.model.UsuarioEntity@bf5efbf, com.laboratorio.LabUsuarios.model.UsuarioE (truncated)...]
2025-11-03T20:28:32.930-03:00 DEBUG 9252 --- [http-nio-8080-exec-2] org.hibernate.SQL                        : select t1_0.id_usuario,t1_0.id,t1_0.expired,t1_0.revoked,t1_0.token,t1_0.token_type from token t1_0 where t1_0.id_usuario=?
2025-11-03T20:28:32.961-03:00  WARN 9252 --- [http-nio-8080-exec-2] o.h.engine.jdbc.spi.SqlExceptionHelper   : SQL Error: 942, SQLState: 42000
2025-11-03T20:28:32.961-03:00 ERROR 9252 --- [http-nio-8080-exec-2] o.h.engine.jdbc.spi.SqlExceptionHelper   : ORA-00942: la tabla o vista no existe

https://docs.oracle.com/error-help/db/ora-00942/
2025-11-03T20:28:32.969-03:00 DEBUG 9252 --- [http-nio-8080-exec-2] .m.m.a.ExceptionHandlerExceptionResolver : Using @ExceptionHandler com.laboratorio.LabUsuarios.exceptionhandler.GlobalExceptionHandler#handleGlobalException(Exception, WebRequest)
2025-11-03T20:28:32.971-03:00 ERROR 9252 --- [http-nio-8080-exec-2] c.l.L.e.GlobalExceptionHandler           : An unexpected error occurred. Could not write JSON: JDBC exception executing SQL [select t1_0.id_usuario,t1_0.id,t1_0.expired,t1_0.revoked,t1_0.token,t1_0.token_type from token t1_0 where t1_0.id_usuario=?] [ORA-00942: la tabla o vista no existe

https://docs.oracle.com/error-help/db/ora-00942/] [n/a]
2025-11-03T20:28:32.972-03:00 DEBUG 9252 --- [http-nio-8080-exec-2] o.s.w.s.m.m.a.HttpEntityMethodProcessor  : Found 'Content-Type:application/json' in response
2025-11-03T20:28:32.976-03:00 DEBUG 9252 --- [http-nio-8080-exec-2] o.s.w.s.m.m.a.HttpEntityMethodProcessor  : Writing [{details=uri=/api/usuarios/all, message=Could not write JSON: JDBC exception executing SQL [select t (truncated)...]
2025-11-03T20:28:32.987-03:00  WARN 9252 --- [http-nio-8080-exec-2] .m.m.a.ExceptionHandlerExceptionResolver : Resolved [org.springframework.http.converter.HttpMessageNotWritableException: Could not write JSON: JDBC exception executing SQL [select t1_0.id_usuario,t1_0.id,t1_0.expired,t1_0.revoked,t1_0.token,t1_0.token_type from token t1_0 where t1_0.id_usuario=?] [ORA-00942: la tabla o vista no existe<EOL><EOL><EOL>https://docs.oracle.com/error-help/db/ora-00942/] [n/a]]
2025-11-03T20:28:32.991-03:00 DEBUG 9252 --- [http-nio-8080-exec-2] o.s.web.servlet.DispatcherServlet        : Completed 500 INTERNAL_SERVER_ERROR
2025-11-03T20:29:32.900-03:00 DEBUG 9252 --- [http-nio-8080-exec-6] o.s.web.servlet.DispatcherServlet        : GET "/api/usuarios", parameters={}
2025-11-03T20:29:32.902-03:00 DEBUG 9252 --- [http-nio-8080-exec-6] .m.m.a.ExceptionHandlerExceptionResolver : Using @ExceptionHandler com.laboratorio.LabUsuarios.exceptionhandler.GlobalExceptionHandler#handleGlobalException(Exception, WebRequest)
2025-11-03T20:29:32.902-03:00 ERROR 9252 --- [http-nio-8080-exec-6] c.l.L.e.GlobalExceptionHandler           : An unexpected error occurred. Request method 'GET' is not supported
2025-11-03T20:29:32.903-03:00 DEBUG 9252 --- [http-nio-8080-exec-6] o.s.w.s.m.m.a.HttpEntityMethodProcessor  : Using 'application/json', given [*/*] and supported [application/json, application/*+json]
2025-11-03T20:29:32.903-03:00 DEBUG 9252 --- [http-nio-8080-exec-6] o.s.w.s.m.m.a.HttpEntityMethodProcessor  : Writing [{details=uri=/api/usuarios, message=Request method 'GET' is not supported, timestamp=2025-11-03T20:2 (truncated)...]
2025-11-03T20:29:32.905-03:00  WARN 9252 --- [http-nio-8080-exec-6] .m.m.a.ExceptionHandlerExceptionResolver : Resolved [org.springframework.web.HttpRequestMethodNotSupportedException: Request method 'GET' is not supported]
2025-11-03T20:29:32.906-03:00 DEBUG 9252 --- [http-nio-8080-exec-6] o.s.web.servlet.DispatcherServlet        : Completed 500 INTERNAL_SERVER_ERROR
2025-11-03T20:29:39.234-03:00 DEBUG 9252 --- [http-nio-8080-exec-4] o.s.web.servlet.DispatcherServlet        : GET "/api/usuarios/all", parameters={}
2025-11-03T20:29:39.235-03:00 DEBUG 9252 --- [http-nio-8080-exec-4] s.w.s.m.m.a.RequestMappingHandlerMapping : Mapped to com.laboratorio.LabUsuarios.controller.UsuarioController#getAllUsuarios()
2025-11-03T20:29:39.236-03:00  INFO 9252 --- [http-nio-8080-exec-4] c.l.L.controller.UsuarioController       : Obteninendo todos los Usuarios
2025-11-03T20:29:39.236-03:00  INFO 9252 --- [http-nio-8080-exec-4] c.l.L.service.UsuarioServiceImpl         : Buscando todos los usuarios - metodo getAllUsuarios
2025-11-03T20:29:39.246-03:00 DEBUG 9252 --- [http-nio-8080-exec-4] org.hibernate.SQL                        : select ue1_0.id,ue1_0.ap_usuario,ue1_0.contraseña,ue1_0.correo,ue1_0.nom_usuario,ue1_0.rol,ue1_0.telefono from usuario ue1_0
2025-11-03T20:29:39.269-03:00  INFO 9252 --- [http-nio-8080-exec-4] c.l.L.controller.UsuarioController       : Usuarios Obtenidos 5 
2025-11-03T20:29:39.270-03:00 DEBUG 9252 --- [http-nio-8080-exec-4] o.s.w.s.m.m.a.HttpEntityMethodProcessor  : Using 'application/json', given [*/*] and supported [application/json, application/*+json]
2025-11-03T20:29:39.271-03:00 DEBUG 9252 --- [http-nio-8080-exec-4] o.s.w.s.m.m.a.HttpEntityMethodProcessor  : Writing [[com.laboratorio.LabUsuarios.model.UsuarioEntity@3f445e46, com.laboratorio.LabUsuarios.model.Usuario (truncated)...]
2025-11-03T20:29:39.271-03:00 DEBUG 9252 --- [http-nio-8080-exec-4] org.hibernate.SQL                        : select t1_0.id_usuario,t1_0.id,t1_0.expired,t1_0.revoked,t1_0.token,t1_0.token_type from token t1_0 where t1_0.id_usuario=?
2025-11-03T20:29:39.289-03:00  WARN 9252 --- [http-nio-8080-exec-4] o.h.engine.jdbc.spi.SqlExceptionHelper   : SQL Error: 942, SQLState: 42000
2025-11-03T20:29:39.290-03:00 ERROR 9252 --- [http-nio-8080-exec-4] o.h.engine.jdbc.spi.SqlExceptionHelper   : ORA-00942: la tabla o vista no existe

https://docs.oracle.com/error-help/db/ora-00942/
2025-11-03T20:29:39.291-03:00 DEBUG 9252 --- [http-nio-8080-exec-4] .m.m.a.ExceptionHandlerExceptionResolver : Using @ExceptionHandler com.laboratorio.LabUsuarios.exceptionhandler.GlobalExceptionHandler#handleGlobalException(Exception, WebRequest)
2025-11-03T20:29:39.292-03:00 ERROR 9252 --- [http-nio-8080-exec-4] c.l.L.e.GlobalExceptionHandler           : An unexpected error occurred. Could not write JSON: JDBC exception executing SQL [select t1_0.id_usuario,t1_0.id,t1_0.expired,t1_0.revoked,t1_0.token,t1_0.token_type from token t1_0 where t1_0.id_usuario=?] [ORA-00942: la tabla o vista no existe

https://docs.oracle.com/error-help/db/ora-00942/] [n/a]
2025-11-03T20:29:39.292-03:00 DEBUG 9252 --- [http-nio-8080-exec-4] o.s.w.s.m.m.a.HttpEntityMethodProcessor  : Found 'Content-Type:application/json' in response
2025-11-03T20:29:39.293-03:00 DEBUG 9252 --- [http-nio-8080-exec-4] o.s.w.s.m.m.a.HttpEntityMethodProcessor  : Writing [{details=uri=/api/usuarios/all, message=Could not write JSON: JDBC exception executing SQL [select t (truncated)...]
2025-11-03T20:29:39.294-03:00  WARN 9252 --- [http-nio-8080-exec-4] .m.m.a.ExceptionHandlerExceptionResolver : Resolved [org.springframework.http.converter.HttpMessageNotWritableException: Could not write JSON: JDBC exception executing SQL [select t1_0.id_usuario,t1_0.id,t1_0.expired,t1_0.revoked,t1_0.token,t1_0.token_type from token t1_0 where t1_0.id_usuario=?] [ORA-00942: la tabla o vista no existe<EOL><EOL><EOL>https://docs.oracle.com/error-help/db/ora-00942/] [n/a]]
2025-11-03T20:29:39.295-03:00 DEBUG 9252 --- [http-nio-8080-exec-4] o.s.web.servlet.DispatcherServlet        : Completed 500 INTERNAL_SERVER_ERROR
2025-11-03T20:31:30.601-03:00  INFO 9252 --- [SpringApplicationShutdownHook] o.s.b.w.e.tomcat.GracefulShutdown        : Commencing graceful shutdown. Waiting for active requests to complete
2025-11-03T20:31:30.620-03:00  INFO 9252 --- [tomcat-shutdown] o.s.b.w.e.tomcat.GracefulShutdown        : Graceful shutdown complete
2025-11-03T20:31:30.627-03:00  INFO 9252 --- [SpringApplicationShutdownHook] j.LocalContainerEntityManagerFactoryBean : Closing JPA EntityManagerFactory for persistence unit 'default'
2025-11-03T20:31:30.634-03:00  INFO 9252 --- [SpringApplicationShutdownHook] com.zaxxer.hikari.HikariDataSource       : HikariPool-1 - Shutdown initiated...
2025-11-03T20:31:30.750-03:00  INFO 9252 --- [SpringApplicationShutdownHook] com.zaxxer.hikari.HikariDataSource       : HikariPool-1 - Shutdown completed.
2025-11-03T20:31:58.601-03:00  INFO 11136 --- [restartedMain] c.l.LabUsuarios.UsuariosApplication      : Starting UsuariosApplication using Java 21.0.6 with PID 11136 (C:\Users\sebas\OneDrive\Escritorio\Ing de Software\Desarrollo_FS\FS3\proyectoBimestre\Laboratorio_Service\LabUsuarios\target\classes started by sebas in C:\Users\sebas\OneDrive\Escritorio\Ing de Software\Desarrollo_FS\FS3\proyectoBimestre\Laboratorio_Service\LabUsuarios)
2025-11-03T20:31:58.606-03:00  INFO 11136 --- [restartedMain] c.l.LabUsuarios.UsuariosApplication      : No active profile set, falling back to 1 default profile: "default"
2025-11-03T20:31:58.738-03:00  INFO 11136 --- [restartedMain] o.s.b.devtools.restart.ChangeableUrls    : The Class-Path manifest attribute in C:\Users\sebas\.m2\repository\com\oracle\database\jdbc\ojdbc11\23.7.0.25.01\ojdbc11-23.7.0.25.01.jar referenced one or more files that do not exist: file:/C:/Users/sebas/.m2/repository/com/oracle/database/jdbc/ojdbc11/23.7.0.25.01/oraclepki.jar
2025-11-03T20:31:58.739-03:00  INFO 11136 --- [restartedMain] .e.DevToolsPropertyDefaultsPostProcessor : Devtools property defaults active! Set 'spring.devtools.add-properties' to 'false' to disable
2025-11-03T20:31:58.739-03:00  INFO 11136 --- [restartedMain] .e.DevToolsPropertyDefaultsPostProcessor : For additional web related logging consider setting the 'logging.level.web' property to 'DEBUG'
2025-11-03T20:32:00.996-03:00  INFO 11136 --- [restartedMain] .s.d.r.c.RepositoryConfigurationDelegate : Multiple Spring Data modules found, entering strict repository configuration mode
2025-11-03T20:32:00.998-03:00  INFO 11136 --- [restartedMain] .s.d.r.c.RepositoryConfigurationDelegate : Bootstrapping Spring Data JDBC repositories in DEFAULT mode.
2025-11-03T20:32:01.089-03:00  INFO 11136 --- [restartedMain] .RepositoryConfigurationExtensionSupport : Spring Data JDBC - Could not safely identify store assignment for repository candidate interface com.laboratorio.LabUsuarios.repository.TokenRepository; If you want this repository to be a JDBC repository, consider annotating your entities with one of these annotations: org.springframework.data.relational.core.mapping.Table.
2025-11-03T20:32:01.093-03:00  INFO 11136 --- [restartedMain] .RepositoryConfigurationExtensionSupport : Spring Data JDBC - Could not safely identify store assignment for repository candidate interface com.laboratorio.LabUsuarios.repository.UsuarioRepository; If you want this repository to be a JDBC repository, consider annotating your entities with one of these annotations: org.springframework.data.relational.core.mapping.Table.
2025-11-03T20:32:01.094-03:00  INFO 11136 --- [restartedMain] .s.d.r.c.RepositoryConfigurationDelegate : Finished Spring Data repository scanning in 84 ms. Found 0 JDBC repository interfaces.
2025-11-03T20:32:01.121-03:00  INFO 11136 --- [restartedMain] .s.d.r.c.RepositoryConfigurationDelegate : Multiple Spring Data modules found, entering strict repository configuration mode
2025-11-03T20:32:01.123-03:00  INFO 11136 --- [restartedMain] .s.d.r.c.RepositoryConfigurationDelegate : Bootstrapping Spring Data JPA repositories in DEFAULT mode.
2025-11-03T20:32:01.196-03:00  INFO 11136 --- [restartedMain] .s.d.r.c.RepositoryConfigurationDelegate : Finished Spring Data repository scanning in 59 ms. Found 2 JPA repository interfaces.
2025-11-03T20:32:02.479-03:00  INFO 11136 --- [restartedMain] o.s.b.w.embedded.tomcat.TomcatWebServer  : Tomcat initialized with port 8080 (http)
2025-11-03T20:32:02.514-03:00  INFO 11136 --- [restartedMain] o.apache.catalina.core.StandardService   : Starting service [Tomcat]
2025-11-03T20:32:02.515-03:00  INFO 11136 --- [restartedMain] o.apache.catalina.core.StandardEngine    : Starting Servlet engine: [Apache Tomcat/10.1.48]
2025-11-03T20:32:02.611-03:00  INFO 11136 --- [restartedMain] o.a.c.c.C.[Tomcat].[localhost].[/api]    : Initializing Spring embedded WebApplicationContext
2025-11-03T20:32:02.611-03:00  INFO 11136 --- [restartedMain] w.s.c.ServletWebServerApplicationContext : Root WebApplicationContext: initialization completed in 3871 ms
2025-11-03T20:32:03.277-03:00  INFO 11136 --- [restartedMain] com.zaxxer.hikari.HikariDataSource       : HikariPool-1 - Starting...
2025-11-03T20:32:05.010-03:00  INFO 11136 --- [restartedMain] com.zaxxer.hikari.pool.HikariPool        : HikariPool-1 - Added connection oracle.jdbc.driver.T4CConnection@30dd236f
2025-11-03T20:32:05.015-03:00  INFO 11136 --- [restartedMain] com.zaxxer.hikari.HikariDataSource       : HikariPool-1 - Start completed.
2025-11-03T20:32:05.117-03:00  INFO 11136 --- [restartedMain] o.hibernate.jpa.internal.util.LogHelper  : HHH000204: Processing PersistenceUnitInfo [name: default]
2025-11-03T20:32:05.361-03:00  INFO 11136 --- [restartedMain] org.hibernate.Version                    : HHH000412: Hibernate ORM core version 6.6.33.Final
2025-11-03T20:32:05.473-03:00  INFO 11136 --- [restartedMain] o.h.c.internal.RegionFactoryInitiator    : HHH000026: Second-level cache disabled
2025-11-03T20:32:06.216-03:00  INFO 11136 --- [restartedMain] o.s.o.j.p.SpringPersistenceUnitInfo      : No LoadTimeWeaver setup: ignoring JPA class transformer
2025-11-03T20:32:06.776-03:00  INFO 11136 --- [restartedMain] org.hibernate.orm.connections.pooling    : HHH10001005: Database info:
	Database JDBC URL [Connecting through datasource 'HikariDataSource (HikariPool-1)']
	Database driver: undefined/unknown
	Database version: 19.29
	Autocommit mode: undefined/unknown
	Isolation level: undefined/unknown
	Minimum pool size: undefined/unknown
	Maximum pool size: undefined/unknown
2025-11-03T20:32:08.572-03:00 DEBUG 11136 --- [restartedMain] org.hibernate.SQL                        : create global temporary table HTE_token(expired number(1,0), revoked number(1,0), rn_ number(10,0) not null, id number(19,0), id_usuario number(19,0), token varchar2(255 char), token_type varchar2(255 char), primary key (rn_)) on commit delete rows
2025-11-03T20:32:08.809-03:00  INFO 11136 --- [restartedMain] o.h.e.t.j.p.i.JtaPlatformInitiator       : HHH000489: No JTA platform available (set 'hibernate.transaction.jta.platform' to enable JTA platform integration)
2025-11-03T20:32:08.813-03:00  INFO 11136 --- [restartedMain] j.LocalContainerEntityManagerFactoryBean : Initialized JPA EntityManagerFactory for persistence unit 'default'
2025-11-03T20:32:09.299-03:00  WARN 11136 --- [restartedMain] JpaBaseConfiguration$JpaWebConfiguration : spring.jpa.open-in-view is enabled by default. Therefore, database queries may be performed during view rendering. Explicitly configure spring.jpa.open-in-view to disable this warning
2025-11-03T20:32:09.375-03:00  WARN 11136 --- [restartedMain] .s.s.UserDetailsServiceAutoConfiguration : 

Using generated security password: 4eefb11e-f8e0-4035-9174-f28994402e30

This generated password is for development use only. Your security configuration must be updated before running your application in production.

2025-11-03T20:32:09.400-03:00  INFO 11136 --- [restartedMain] r$InitializeUserDetailsManagerConfigurer : Global AuthenticationManager configured with UserDetailsService bean with name inMemoryUserDetailsManager
2025-11-03T20:32:09.880-03:00 DEBUG 11136 --- [restartedMain] s.w.s.m.m.a.RequestMappingHandlerMapping : 7 mappings in 'requestMappingHandlerMapping'
2025-11-03T20:32:10.063-03:00 DEBUG 11136 --- [restartedMain] o.s.w.s.handler.SimpleUrlHandlerMapping  : Patterns [/webjars/**, /**] in 'resourceHandlerMapping'
2025-11-03T20:32:10.156-03:00 DEBUG 11136 --- [restartedMain] s.w.s.m.m.a.RequestMappingHandlerAdapter : ControllerAdvice beans: 0 @ModelAttribute, 0 @InitBinder, 1 RequestBodyAdvice, 1 ResponseBodyAdvice
2025-11-03T20:32:10.310-03:00 DEBUG 11136 --- [restartedMain] .m.m.a.ExceptionHandlerExceptionResolver : ControllerAdvice beans: 1 @ExceptionHandler, 1 ResponseBodyAdvice
2025-11-03T20:32:10.847-03:00  INFO 11136 --- [restartedMain] o.s.b.d.a.OptionalLiveReloadServer       : LiveReload server is running on port 35729
2025-11-03T20:32:10.917-03:00  INFO 11136 --- [restartedMain] o.s.b.w.embedded.tomcat.TomcatWebServer  : Tomcat started on port 8080 (http) with context path '/api'
2025-11-03T20:32:10.954-03:00  INFO 11136 --- [restartedMain] c.l.LabUsuarios.UsuariosApplication      : Started UsuariosApplication in 13.487 seconds (process running for 14.634)
2025-11-03T20:32:17.580-03:00  INFO 11136 --- [http-nio-8080-exec-1] o.a.c.c.C.[Tomcat].[localhost].[/api]    : Initializing Spring DispatcherServlet 'dispatcherServlet'
2025-11-03T20:32:17.581-03:00  INFO 11136 --- [http-nio-8080-exec-1] o.s.web.servlet.DispatcherServlet        : Initializing Servlet 'dispatcherServlet'
2025-11-03T20:32:17.581-03:00 DEBUG 11136 --- [http-nio-8080-exec-1] o.s.web.servlet.DispatcherServlet        : Detected StandardServletMultipartResolver
2025-11-03T20:32:17.581-03:00 DEBUG 11136 --- [http-nio-8080-exec-1] o.s.web.servlet.DispatcherServlet        : Detected AcceptHeaderLocaleResolver
2025-11-03T20:32:17.582-03:00 DEBUG 11136 --- [http-nio-8080-exec-1] o.s.web.servlet.DispatcherServlet        : Detected FixedThemeResolver
2025-11-03T20:32:17.584-03:00 DEBUG 11136 --- [http-nio-8080-exec-1] o.s.web.servlet.DispatcherServlet        : Detected org.springframework.web.servlet.view.DefaultRequestToViewNameTranslator@4be526b
2025-11-03T20:32:17.586-03:00 DEBUG 11136 --- [http-nio-8080-exec-1] o.s.web.servlet.DispatcherServlet        : Detected org.springframework.web.servlet.support.SessionFlashMapManager@324aadc0
2025-11-03T20:32:17.587-03:00 DEBUG 11136 --- [http-nio-8080-exec-1] o.s.web.servlet.DispatcherServlet        : enableLoggingRequestDetails='false': request parameters and headers will be masked to prevent unsafe logging of potentially sensitive data
2025-11-03T20:32:17.588-03:00  INFO 11136 --- [http-nio-8080-exec-1] o.s.web.servlet.DispatcherServlet        : Completed initialization in 7 ms
2025-11-03T20:32:17.660-03:00 DEBUG 11136 --- [http-nio-8080-exec-1] o.s.web.servlet.DispatcherServlet        : GET "/api/usuarios/all", parameters={}
2025-11-03T20:32:17.665-03:00 DEBUG 11136 --- [http-nio-8080-exec-1] s.w.s.m.m.a.RequestMappingHandlerMapping : Mapped to com.laboratorio.LabUsuarios.controller.UsuarioController#getAllUsuarios()
2025-11-03T20:32:17.774-03:00  INFO 11136 --- [http-nio-8080-exec-1] c.l.L.controller.UsuarioController       : Obteninendo todos los Usuarios
2025-11-03T20:32:17.775-03:00  INFO 11136 --- [http-nio-8080-exec-1] c.l.L.service.UsuarioServiceImpl         : Buscando todos los usuarios - metodo getAllUsuarios
2025-11-03T20:32:18.053-03:00 DEBUG 11136 --- [http-nio-8080-exec-1] org.hibernate.SQL                        : select ue1_0.id,ue1_0.ap_usuario,ue1_0.contraseña,ue1_0.correo,ue1_0.nom_usuario,ue1_0.rol,ue1_0.telefono from usuario ue1_0
2025-11-03T20:32:18.153-03:00  INFO 11136 --- [http-nio-8080-exec-1] c.l.L.controller.UsuarioController       : Usuarios Obtenidos 5 
2025-11-03T20:32:18.190-03:00 DEBUG 11136 --- [http-nio-8080-exec-1] o.s.w.s.m.m.a.HttpEntityMethodProcessor  : Using 'application/json', given [*/*] and supported [application/json, application/*+json]
2025-11-03T20:32:18.193-03:00 DEBUG 11136 --- [http-nio-8080-exec-1] o.s.w.s.m.m.a.HttpEntityMethodProcessor  : Writing [[com.laboratorio.LabUsuarios.model.UsuarioEntity@62ce7d4b, com.laboratorio.LabUsuarios.model.Usuario (truncated)...]
2025-11-03T20:32:18.315-03:00 DEBUG 11136 --- [http-nio-8080-exec-1] org.hibernate.SQL                        : select t1_0.id_usuario,t1_0.id,t1_0.expired,t1_0.revoked,t1_0.token,t1_0.token_type from token t1_0 where t1_0.id_usuario=?
2025-11-03T20:32:18.384-03:00  WARN 11136 --- [http-nio-8080-exec-1] o.h.engine.jdbc.spi.SqlExceptionHelper   : SQL Error: 942, SQLState: 42000
2025-11-03T20:32:18.384-03:00 ERROR 11136 --- [http-nio-8080-exec-1] o.h.engine.jdbc.spi.SqlExceptionHelper   : ORA-00942: la tabla o vista no existe

https://docs.oracle.com/error-help/db/ora-00942/
2025-11-03T20:32:18.392-03:00 DEBUG 11136 --- [http-nio-8080-exec-1] .m.m.a.ExceptionHandlerExceptionResolver : Using @ExceptionHandler com.laboratorio.LabUsuarios.exceptionhandler.GlobalExceptionHandler#handleGlobalException(Exception, WebRequest)
2025-11-03T20:32:18.393-03:00 ERROR 11136 --- [http-nio-8080-exec-1] c.l.L.e.GlobalExceptionHandler           : An unexpected error occurred. Could not write JSON: JDBC exception executing SQL [select t1_0.id_usuario,t1_0.id,t1_0.expired,t1_0.revoked,t1_0.token,t1_0.token_type from token t1_0 where t1_0.id_usuario=?] [ORA-00942: la tabla o vista no existe

https://docs.oracle.com/error-help/db/ora-00942/] [n/a]
2025-11-03T20:32:18.396-03:00 DEBUG 11136 --- [http-nio-8080-exec-1] o.s.w.s.m.m.a.HttpEntityMethodProcessor  : Found 'Content-Type:application/json' in response
2025-11-03T20:32:18.401-03:00 DEBUG 11136 --- [http-nio-8080-exec-1] o.s.w.s.m.m.a.HttpEntityMethodProcessor  : Writing [{details=uri=/api/usuarios/all, message=Could not write JSON: JDBC exception executing SQL [select t (truncated)...]
2025-11-03T20:32:18.410-03:00  WARN 11136 --- [http-nio-8080-exec-1] .m.m.a.ExceptionHandlerExceptionResolver : Resolved [org.springframework.http.converter.HttpMessageNotWritableException: Could not write JSON: JDBC exception executing SQL [select t1_0.id_usuario,t1_0.id,t1_0.expired,t1_0.revoked,t1_0.token,t1_0.token_type from token t1_0 where t1_0.id_usuario=?] [ORA-00942: la tabla o vista no existe<EOL><EOL><EOL>https://docs.oracle.com/error-help/db/ora-00942/] [n/a]]
2025-11-03T20:32:18.416-03:00 DEBUG 11136 --- [http-nio-8080-exec-1] o.s.web.servlet.DispatcherServlet        : Completed 500 INTERNAL_SERVER_ERROR
2025-11-03T20:32:22.938-03:00 DEBUG 11136 --- [http-nio-8080-exec-4] o.s.web.servlet.DispatcherServlet        : GET "/api/usuarios/all", parameters={}
2025-11-03T20:32:22.938-03:00 DEBUG 11136 --- [http-nio-8080-exec-4] s.w.s.m.m.a.RequestMappingHandlerMapping : Mapped to com.laboratorio.LabUsuarios.controller.UsuarioController#getAllUsuarios()
2025-11-03T20:32:22.939-03:00  INFO 11136 --- [http-nio-8080-exec-4] c.l.L.controller.UsuarioController       : Obteninendo todos los Usuarios
2025-11-03T20:32:22.939-03:00  INFO 11136 --- [http-nio-8080-exec-4] c.l.L.service.UsuarioServiceImpl         : Buscando todos los usuarios - metodo getAllUsuarios
2025-11-03T20:32:22.962-03:00 DEBUG 11136 --- [http-nio-8080-exec-4] org.hibernate.SQL                        : select ue1_0.id,ue1_0.ap_usuario,ue1_0.contraseña,ue1_0.correo,ue1_0.nom_usuario,ue1_0.rol,ue1_0.telefono from usuario ue1_0
2025-11-03T20:32:22.984-03:00  INFO 11136 --- [http-nio-8080-exec-4] c.l.L.controller.UsuarioController       : Usuarios Obtenidos 5 
2025-11-03T20:32:22.987-03:00 DEBUG 11136 --- [http-nio-8080-exec-4] o.s.w.s.m.m.a.HttpEntityMethodProcessor  : Using 'application/json', given [*/*] and supported [application/json, application/*+json]
2025-11-03T20:32:22.987-03:00 DEBUG 11136 --- [http-nio-8080-exec-4] o.s.w.s.m.m.a.HttpEntityMethodProcessor  : Writing [[com.laboratorio.LabUsuarios.model.UsuarioEntity@4fcb711, com.laboratorio.LabUsuarios.model.UsuarioE (truncated)...]
2025-11-03T20:32:22.988-03:00 DEBUG 11136 --- [http-nio-8080-exec-4] org.hibernate.SQL                        : select t1_0.id_usuario,t1_0.id,t1_0.expired,t1_0.revoked,t1_0.token,t1_0.token_type from token t1_0 where t1_0.id_usuario=?
2025-11-03T20:32:23.001-03:00  WARN 11136 --- [http-nio-8080-exec-4] o.h.engine.jdbc.spi.SqlExceptionHelper   : SQL Error: 942, SQLState: 42000
2025-11-03T20:32:23.001-03:00 ERROR 11136 --- [http-nio-8080-exec-4] o.h.engine.jdbc.spi.SqlExceptionHelper   : ORA-00942: la tabla o vista no existe

https://docs.oracle.com/error-help/db/ora-00942/
2025-11-03T20:32:23.003-03:00 DEBUG 11136 --- [http-nio-8080-exec-4] .m.m.a.ExceptionHandlerExceptionResolver : Using @ExceptionHandler com.laboratorio.LabUsuarios.exceptionhandler.GlobalExceptionHandler#handleGlobalException(Exception, WebRequest)
2025-11-03T20:32:23.003-03:00 ERROR 11136 --- [http-nio-8080-exec-4] c.l.L.e.GlobalExceptionHandler           : An unexpected error occurred. Could not write JSON: JDBC exception executing SQL [select t1_0.id_usuario,t1_0.id,t1_0.expired,t1_0.revoked,t1_0.token,t1_0.token_type from token t1_0 where t1_0.id_usuario=?] [ORA-00942: la tabla o vista no existe

https://docs.oracle.com/error-help/db/ora-00942/] [n/a]
2025-11-03T20:32:23.004-03:00 DEBUG 11136 --- [http-nio-8080-exec-4] o.s.w.s.m.m.a.HttpEntityMethodProcessor  : Found 'Content-Type:application/json' in response
2025-11-03T20:32:23.004-03:00 DEBUG 11136 --- [http-nio-8080-exec-4] o.s.w.s.m.m.a.HttpEntityMethodProcessor  : Writing [{details=uri=/api/usuarios/all, message=Could not write JSON: JDBC exception executing SQL [select t (truncated)...]
2025-11-03T20:32:23.006-03:00  WARN 11136 --- [http-nio-8080-exec-4] .m.m.a.ExceptionHandlerExceptionResolver : Resolved [org.springframework.http.converter.HttpMessageNotWritableException: Could not write JSON: JDBC exception executing SQL [select t1_0.id_usuario,t1_0.id,t1_0.expired,t1_0.revoked,t1_0.token,t1_0.token_type from token t1_0 where t1_0.id_usuario=?] [ORA-00942: la tabla o vista no existe<EOL><EOL><EOL>https://docs.oracle.com/error-help/db/ora-00942/] [n/a]]
2025-11-03T20:32:23.007-03:00 DEBUG 11136 --- [http-nio-8080-exec-4] o.s.web.servlet.DispatcherServlet        : Completed 500 INTERNAL_SERVER_ERROR
2025-11-03T20:32:35.712-03:00  INFO 11136 --- [SpringApplicationShutdownHook] o.s.b.w.e.tomcat.GracefulShutdown        : Commencing graceful shutdown. Waiting for active requests to complete
2025-11-03T20:32:35.744-03:00  INFO 11136 --- [tomcat-shutdown] o.s.b.w.e.tomcat.GracefulShutdown        : Graceful shutdown complete
2025-11-03T20:32:35.753-03:00  INFO 11136 --- [SpringApplicationShutdownHook] j.LocalContainerEntityManagerFactoryBean : Closing JPA EntityManagerFactory for persistence unit 'default'
2025-11-03T20:32:35.762-03:00  INFO 11136 --- [SpringApplicationShutdownHook] com.zaxxer.hikari.HikariDataSource       : HikariPool-1 - Shutdown initiated...
2025-11-03T20:32:35.853-03:00  INFO 11136 --- [SpringApplicationShutdownHook] com.zaxxer.hikari.HikariDataSource       : HikariPool-1 - Shutdown completed.
2025-11-03T20:33:01.103-03:00  INFO 7124 --- [restartedMain] c.l.LabUsuarios.UsuariosApplication      : Starting UsuariosApplication using Java 21.0.6 with PID 7124 (C:\Users\sebas\OneDrive\Escritorio\Ing de Software\Desarrollo_FS\FS3\proyectoBimestre\Laboratorio_Service\LabUsuarios\target\classes started by sebas in C:\Users\sebas\OneDrive\Escritorio\Ing de Software\Desarrollo_FS\FS3\proyectoBimestre\Laboratorio_Service\LabUsuarios)
2025-11-03T20:33:01.111-03:00  INFO 7124 --- [restartedMain] c.l.LabUsuarios.UsuariosApplication      : No active profile set, falling back to 1 default profile: "default"
2025-11-03T20:33:01.271-03:00  INFO 7124 --- [restartedMain] o.s.b.devtools.restart.ChangeableUrls    : The Class-Path manifest attribute in C:\Users\sebas\.m2\repository\com\oracle\database\jdbc\ojdbc11\23.7.0.25.01\ojdbc11-23.7.0.25.01.jar referenced one or more files that do not exist: file:/C:/Users/sebas/.m2/repository/com/oracle/database/jdbc/ojdbc11/23.7.0.25.01/oraclepki.jar
2025-11-03T20:33:01.272-03:00  INFO 7124 --- [restartedMain] .e.DevToolsPropertyDefaultsPostProcessor : Devtools property defaults active! Set 'spring.devtools.add-properties' to 'false' to disable
2025-11-03T20:33:01.273-03:00  INFO 7124 --- [restartedMain] .e.DevToolsPropertyDefaultsPostProcessor : For additional web related logging consider setting the 'logging.level.web' property to 'DEBUG'
2025-11-03T20:33:03.270-03:00  INFO 7124 --- [restartedMain] .s.d.r.c.RepositoryConfigurationDelegate : Multiple Spring Data modules found, entering strict repository configuration mode
2025-11-03T20:33:03.275-03:00  INFO 7124 --- [restartedMain] .s.d.r.c.RepositoryConfigurationDelegate : Bootstrapping Spring Data JDBC repositories in DEFAULT mode.
2025-11-03T20:33:03.356-03:00  INFO 7124 --- [restartedMain] .RepositoryConfigurationExtensionSupport : Spring Data JDBC - Could not safely identify store assignment for repository candidate interface com.laboratorio.LabUsuarios.repository.TokenRepository; If you want this repository to be a JDBC repository, consider annotating your entities with one of these annotations: org.springframework.data.relational.core.mapping.Table.
2025-11-03T20:33:03.359-03:00  INFO 7124 --- [restartedMain] .RepositoryConfigurationExtensionSupport : Spring Data JDBC - Could not safely identify store assignment for repository candidate interface com.laboratorio.LabUsuarios.repository.UsuarioRepository; If you want this repository to be a JDBC repository, consider annotating your entities with one of these annotations: org.springframework.data.relational.core.mapping.Table.
2025-11-03T20:33:03.360-03:00  INFO 7124 --- [restartedMain] .s.d.r.c.RepositoryConfigurationDelegate : Finished Spring Data repository scanning in 70 ms. Found 0 JDBC repository interfaces.
2025-11-03T20:33:03.380-03:00  INFO 7124 --- [restartedMain] .s.d.r.c.RepositoryConfigurationDelegate : Multiple Spring Data modules found, entering strict repository configuration mode
2025-11-03T20:33:03.382-03:00  INFO 7124 --- [restartedMain] .s.d.r.c.RepositoryConfigurationDelegate : Bootstrapping Spring Data JPA repositories in DEFAULT mode.
2025-11-03T20:33:03.446-03:00  INFO 7124 --- [restartedMain] .s.d.r.c.RepositoryConfigurationDelegate : Finished Spring Data repository scanning in 53 ms. Found 2 JPA repository interfaces.
2025-11-03T20:33:05.187-03:00  INFO 7124 --- [restartedMain] o.s.b.w.embedded.tomcat.TomcatWebServer  : Tomcat initialized with port 8080 (http)
2025-11-03T20:33:05.229-03:00  INFO 7124 --- [restartedMain] o.apache.catalina.core.StandardService   : Starting service [Tomcat]
2025-11-03T20:33:05.230-03:00  INFO 7124 --- [restartedMain] o.apache.catalina.core.StandardEngine    : Starting Servlet engine: [Apache Tomcat/10.1.48]
2025-11-03T20:33:05.452-03:00  INFO 7124 --- [restartedMain] o.a.c.c.C.[Tomcat].[localhost].[/api]    : Initializing Spring embedded WebApplicationContext
2025-11-03T20:33:05.454-03:00  INFO 7124 --- [restartedMain] w.s.c.ServletWebServerApplicationContext : Root WebApplicationContext: initialization completed in 4179 ms
2025-11-03T20:33:06.540-03:00  INFO 7124 --- [restartedMain] com.zaxxer.hikari.HikariDataSource       : HikariPool-1 - Starting...
2025-11-03T20:33:08.809-03:00  INFO 7124 --- [restartedMain] com.zaxxer.hikari.pool.HikariPool        : HikariPool-1 - Added connection oracle.jdbc.driver.T4CConnection@4f57107f
2025-11-03T20:33:08.813-03:00  INFO 7124 --- [restartedMain] com.zaxxer.hikari.HikariDataSource       : HikariPool-1 - Start completed.
2025-11-03T20:33:08.922-03:00  INFO 7124 --- [restartedMain] o.hibernate.jpa.internal.util.LogHelper  : HHH000204: Processing PersistenceUnitInfo [name: default]
2025-11-03T20:33:09.175-03:00  INFO 7124 --- [restartedMain] org.hibernate.Version                    : HHH000412: Hibernate ORM core version 6.6.33.Final
2025-11-03T20:33:09.349-03:00  INFO 7124 --- [restartedMain] o.h.c.internal.RegionFactoryInitiator    : HHH000026: Second-level cache disabled
2025-11-03T20:33:10.193-03:00  INFO 7124 --- [restartedMain] o.s.o.j.p.SpringPersistenceUnitInfo      : No LoadTimeWeaver setup: ignoring JPA class transformer
2025-11-03T20:33:10.919-03:00  INFO 7124 --- [restartedMain] org.hibernate.orm.connections.pooling    : HHH10001005: Database info:
	Database JDBC URL [Connecting through datasource 'HikariDataSource (HikariPool-1)']
	Database driver: undefined/unknown
	Database version: 19.29
	Autocommit mode: undefined/unknown
	Isolation level: undefined/unknown
	Minimum pool size: undefined/unknown
	Maximum pool size: undefined/unknown
2025-11-03T20:33:12.796-03:00 DEBUG 7124 --- [restartedMain] org.hibernate.SQL                        : create global temporary table HTE_token(expired number(1,0), revoked number(1,0), rn_ number(10,0) not null, id number(19,0), id_usuario number(19,0), token varchar2(255 char), token_type varchar2(255 char), primary key (rn_)) on commit delete rows
2025-11-03T20:33:13.118-03:00  INFO 7124 --- [restartedMain] o.h.e.t.j.p.i.JtaPlatformInitiator       : HHH000489: No JTA platform available (set 'hibernate.transaction.jta.platform' to enable JTA platform integration)
2025-11-03T20:33:13.126-03:00  INFO 7124 --- [restartedMain] j.LocalContainerEntityManagerFactoryBean : Initialized JPA EntityManagerFactory for persistence unit 'default'
2025-11-03T20:33:13.661-03:00  WARN 7124 --- [restartedMain] JpaBaseConfiguration$JpaWebConfiguration : spring.jpa.open-in-view is enabled by default. Therefore, database queries may be performed during view rendering. Explicitly configure spring.jpa.open-in-view to disable this warning
2025-11-03T20:33:13.756-03:00  WARN 7124 --- [restartedMain] .s.s.UserDetailsServiceAutoConfiguration : 

Using generated security password: 67529b8d-c16d-464c-b4fc-d3296b1209e9

This generated password is for development use only. Your security configuration must be updated before running your application in production.

2025-11-03T20:33:13.784-03:00  INFO 7124 --- [restartedMain] r$InitializeUserDetailsManagerConfigurer : Global AuthenticationManager configured with UserDetailsService bean with name inMemoryUserDetailsManager
2025-11-03T20:33:14.391-03:00 DEBUG 7124 --- [restartedMain] s.w.s.m.m.a.RequestMappingHandlerMapping : 7 mappings in 'requestMappingHandlerMapping'
2025-11-03T20:33:14.617-03:00 DEBUG 7124 --- [restartedMain] o.s.w.s.handler.SimpleUrlHandlerMapping  : Patterns [/webjars/**, /**] in 'resourceHandlerMapping'
2025-11-03T20:33:14.713-03:00 DEBUG 7124 --- [restartedMain] s.w.s.m.m.a.RequestMappingHandlerAdapter : ControllerAdvice beans: 0 @ModelAttribute, 0 @InitBinder, 1 RequestBodyAdvice, 1 ResponseBodyAdvice
2025-11-03T20:33:14.926-03:00 DEBUG 7124 --- [restartedMain] .m.m.a.ExceptionHandlerExceptionResolver : ControllerAdvice beans: 1 @ExceptionHandler, 1 ResponseBodyAdvice
2025-11-03T20:33:15.699-03:00  INFO 7124 --- [restartedMain] o.s.b.d.a.OptionalLiveReloadServer       : LiveReload server is running on port 35729
2025-11-03T20:33:15.793-03:00  INFO 7124 --- [restartedMain] o.s.b.w.embedded.tomcat.TomcatWebServer  : Tomcat started on port 8080 (http) with context path '/api'
2025-11-03T20:33:15.823-03:00  INFO 7124 --- [restartedMain] c.l.LabUsuarios.UsuariosApplication      : Started UsuariosApplication in 16.124 seconds (process running for 17.29)
2025-11-03T20:33:20.246-03:00  INFO 7124 --- [http-nio-8080-exec-2] o.a.c.c.C.[Tomcat].[localhost].[/api]    : Initializing Spring DispatcherServlet 'dispatcherServlet'
2025-11-03T20:33:20.246-03:00  INFO 7124 --- [http-nio-8080-exec-2] o.s.web.servlet.DispatcherServlet        : Initializing Servlet 'dispatcherServlet'
2025-11-03T20:33:20.247-03:00 DEBUG 7124 --- [http-nio-8080-exec-2] o.s.web.servlet.DispatcherServlet        : Detected StandardServletMultipartResolver
2025-11-03T20:33:20.248-03:00 DEBUG 7124 --- [http-nio-8080-exec-2] o.s.web.servlet.DispatcherServlet        : Detected AcceptHeaderLocaleResolver
2025-11-03T20:33:20.248-03:00 DEBUG 7124 --- [http-nio-8080-exec-2] o.s.web.servlet.DispatcherServlet        : Detected FixedThemeResolver
2025-11-03T20:33:20.251-03:00 DEBUG 7124 --- [http-nio-8080-exec-2] o.s.web.servlet.DispatcherServlet        : Detected org.springframework.web.servlet.view.DefaultRequestToViewNameTranslator@8a63da2
2025-11-03T20:33:20.252-03:00 DEBUG 7124 --- [http-nio-8080-exec-2] o.s.web.servlet.DispatcherServlet        : Detected org.springframework.web.servlet.support.SessionFlashMapManager@9e13645
2025-11-03T20:33:20.253-03:00 DEBUG 7124 --- [http-nio-8080-exec-2] o.s.web.servlet.DispatcherServlet        : enableLoggingRequestDetails='false': request parameters and headers will be masked to prevent unsafe logging of potentially sensitive data
2025-11-03T20:33:20.253-03:00  INFO 7124 --- [http-nio-8080-exec-2] o.s.web.servlet.DispatcherServlet        : Completed initialization in 6 ms
2025-11-03T20:33:20.326-03:00 DEBUG 7124 --- [http-nio-8080-exec-2] o.s.web.servlet.DispatcherServlet        : GET "/api/usuarios/all", parameters={}
2025-11-03T20:33:20.331-03:00 DEBUG 7124 --- [http-nio-8080-exec-2] s.w.s.m.m.a.RequestMappingHandlerMapping : Mapped to com.laboratorio.LabUsuarios.controller.UsuarioController#getAllUsuarios()
2025-11-03T20:33:20.441-03:00  INFO 7124 --- [http-nio-8080-exec-2] c.l.L.controller.UsuarioController       : Obteninendo todos los Usuarios
2025-11-03T20:33:20.441-03:00  INFO 7124 --- [http-nio-8080-exec-2] c.l.L.service.UsuarioServiceImpl         : Buscando todos los usuarios - metodo getAllUsuarios
2025-11-03T20:33:20.682-03:00 DEBUG 7124 --- [http-nio-8080-exec-2] org.hibernate.SQL                        : select ue1_0.id,ue1_0.ap_usuario,ue1_0.contraseña,ue1_0.correo,ue1_0.nom_usuario,ue1_0.rol,ue1_0.telefono from usuario ue1_0
2025-11-03T20:33:20.753-03:00  INFO 7124 --- [http-nio-8080-exec-2] c.l.L.controller.UsuarioController       : Usuarios Obtenidos 5 
2025-11-03T20:33:20.779-03:00 DEBUG 7124 --- [http-nio-8080-exec-2] o.s.w.s.m.m.a.HttpEntityMethodProcessor  : Using 'application/json', given [*/*] and supported [application/json, application/*+json]
2025-11-03T20:33:20.781-03:00 DEBUG 7124 --- [http-nio-8080-exec-2] o.s.w.s.m.m.a.HttpEntityMethodProcessor  : Writing [[com.laboratorio.LabUsuarios.model.UsuarioEntity@40cdd147, com.laboratorio.LabUsuarios.model.Usuario (truncated)...]
2025-11-03T20:33:20.861-03:00 DEBUG 7124 --- [http-nio-8080-exec-2] o.s.web.servlet.DispatcherServlet        : Completed 200 OK
2025-11-03T20:33:25.602-03:00  INFO 7124 --- [SpringApplicationShutdownHook] o.s.b.w.e.tomcat.GracefulShutdown        : Commencing graceful shutdown. Waiting for active requests to complete
2025-11-03T20:33:25.623-03:00  INFO 7124 --- [tomcat-shutdown] o.s.b.w.e.tomcat.GracefulShutdown        : Graceful shutdown complete
2025-11-03T20:33:25.629-03:00  INFO 7124 --- [SpringApplicationShutdownHook] j.LocalContainerEntityManagerFactoryBean : Closing JPA EntityManagerFactory for persistence unit 'default'
2025-11-03T20:33:25.635-03:00  INFO 7124 --- [SpringApplicationShutdownHook] com.zaxxer.hikari.HikariDataSource       : HikariPool-1 - Shutdown initiated...
2025-11-03T20:33:25.719-03:00  INFO 7124 --- [SpringApplicationShutdownHook] com.zaxxer.hikari.HikariDataSource       : HikariPool-1 - Shutdown completed.
2025-11-03T22:26:27.799-03:00  INFO 18388 --- [restartedMain] c.l.LabUsuarios.UsuariosApplication      : Starting UsuariosApplication using Java 21.0.6 with PID 18388 (C:\Users\sebas\OneDrive\Escritorio\Ing de Software\Desarrollo_FS\FS3\proyectoBimestre\Laboratorio_Service\LabUsuarios\target\classes started by sebas in C:\Users\sebas\OneDrive\Escritorio\Ing de Software\Desarrollo_FS\FS3\proyectoBimestre\Laboratorio_Service\LabUsuarios)
2025-11-03T22:26:27.813-03:00  INFO 18388 --- [restartedMain] c.l.LabUsuarios.UsuariosApplication      : No active profile set, falling back to 1 default profile: "default"
2025-11-03T22:26:28.126-03:00  INFO 18388 --- [restartedMain] o.s.b.devtools.restart.ChangeableUrls    : The Class-Path manifest attribute in C:\Users\sebas\.m2\repository\com\oracle\database\jdbc\ojdbc11\23.7.0.25.01\ojdbc11-23.7.0.25.01.jar referenced one or more files that do not exist: file:/C:/Users/sebas/.m2/repository/com/oracle/database/jdbc/ojdbc11/23.7.0.25.01/oraclepki.jar
2025-11-03T22:26:28.147-03:00  INFO 18388 --- [restartedMain] .e.DevToolsPropertyDefaultsPostProcessor : Devtools property defaults active! Set 'spring.devtools.add-properties' to 'false' to disable
2025-11-03T22:26:28.148-03:00  INFO 18388 --- [restartedMain] .e.DevToolsPropertyDefaultsPostProcessor : For additional web related logging consider setting the 'logging.level.web' property to 'DEBUG'
2025-11-03T22:26:32.627-03:00  INFO 18388 --- [restartedMain] .s.d.r.c.RepositoryConfigurationDelegate : Multiple Spring Data modules found, entering strict repository configuration mode
2025-11-03T22:26:32.633-03:00  INFO 18388 --- [restartedMain] .s.d.r.c.RepositoryConfigurationDelegate : Bootstrapping Spring Data JDBC repositories in DEFAULT mode.
2025-11-03T22:26:32.871-03:00  INFO 18388 --- [restartedMain] .RepositoryConfigurationExtensionSupport : Spring Data JDBC - Could not safely identify store assignment for repository candidate interface com.laboratorio.LabUsuarios.repository.TokenRepository; If you want this repository to be a JDBC repository, consider annotating your entities with one of these annotations: org.springframework.data.relational.core.mapping.Table.
2025-11-03T22:26:32.887-03:00  INFO 18388 --- [restartedMain] .RepositoryConfigurationExtensionSupport : Spring Data JDBC - Could not safely identify store assignment for repository candidate interface com.laboratorio.LabUsuarios.repository.UsuarioRepository; If you want this repository to be a JDBC repository, consider annotating your entities with one of these annotations: org.springframework.data.relational.core.mapping.Table.
2025-11-03T22:26:32.891-03:00  INFO 18388 --- [restartedMain] .s.d.r.c.RepositoryConfigurationDelegate : Finished Spring Data repository scanning in 211 ms. Found 0 JDBC repository interfaces.
2025-11-03T22:26:32.953-03:00  INFO 18388 --- [restartedMain] .s.d.r.c.RepositoryConfigurationDelegate : Multiple Spring Data modules found, entering strict repository configuration mode
2025-11-03T22:26:32.958-03:00  INFO 18388 --- [restartedMain] .s.d.r.c.RepositoryConfigurationDelegate : Bootstrapping Spring Data JPA repositories in DEFAULT mode.
2025-11-03T22:26:33.160-03:00  INFO 18388 --- [restartedMain] .s.d.r.c.RepositoryConfigurationDelegate : Finished Spring Data repository scanning in 172 ms. Found 2 JPA repository interfaces.
2025-11-03T22:26:37.047-03:00  INFO 18388 --- [restartedMain] o.s.b.w.embedded.tomcat.TomcatWebServer  : Tomcat initialized with port 8080 (http)
2025-11-03T22:26:37.140-03:00  INFO 18388 --- [restartedMain] o.apache.catalina.core.StandardService   : Starting service [Tomcat]
2025-11-03T22:26:37.143-03:00  INFO 18388 --- [restartedMain] o.apache.catalina.core.StandardEngine    : Starting Servlet engine: [Apache Tomcat/10.1.48]
2025-11-03T22:26:37.467-03:00  INFO 18388 --- [restartedMain] o.a.c.c.C.[Tomcat].[localhost].[/api]    : Initializing Spring embedded WebApplicationContext
2025-11-03T22:26:37.469-03:00  INFO 18388 --- [restartedMain] w.s.c.ServletWebServerApplicationContext : Root WebApplicationContext: initialization completed in 9313 ms
2025-11-03T22:26:39.744-03:00  INFO 18388 --- [restartedMain] com.zaxxer.hikari.HikariDataSource       : HikariPool-1 - Starting...
2025-11-03T22:26:45.663-03:00  INFO 18388 --- [restartedMain] com.zaxxer.hikari.pool.HikariPool        : HikariPool-1 - Added connection oracle.jdbc.driver.T4CConnection@497e293e
2025-11-03T22:26:45.670-03:00  INFO 18388 --- [restartedMain] com.zaxxer.hikari.HikariDataSource       : HikariPool-1 - Start completed.
2025-11-03T22:26:45.945-03:00  INFO 18388 --- [restartedMain] o.hibernate.jpa.internal.util.LogHelper  : HHH000204: Processing PersistenceUnitInfo [name: default]
2025-11-03T22:26:46.556-03:00  INFO 18388 --- [restartedMain] org.hibernate.Version                    : HHH000412: Hibernate ORM core version 6.6.33.Final
2025-11-03T22:26:46.915-03:00  INFO 18388 --- [restartedMain] o.h.c.internal.RegionFactoryInitiator    : HHH000026: Second-level cache disabled
2025-11-03T22:26:48.760-03:00  INFO 18388 --- [restartedMain] o.s.o.j.p.SpringPersistenceUnitInfo      : No LoadTimeWeaver setup: ignoring JPA class transformer
2025-11-03T22:26:51.486-03:00  INFO 18388 --- [restartedMain] org.hibernate.orm.connections.pooling    : HHH10001005: Database info:
	Database JDBC URL [Connecting through datasource 'HikariDataSource (HikariPool-1)']
	Database driver: undefined/unknown
	Database version: 19.29
	Autocommit mode: undefined/unknown
	Isolation level: undefined/unknown
	Minimum pool size: undefined/unknown
	Maximum pool size: undefined/unknown
2025-11-03T22:26:56.387-03:00 DEBUG 18388 --- [restartedMain] org.hibernate.SQL                        : create global temporary table HTE_token(expired number(1,0), revoked number(1,0), rn_ number(10,0) not null, id number(19,0), id_usuario number(19,0), token varchar2(255 char), token_type varchar2(255 char), primary key (rn_)) on commit delete rows
2025-11-03T22:26:57.241-03:00  INFO 18388 --- [restartedMain] o.h.e.t.j.p.i.JtaPlatformInitiator       : HHH000489: No JTA platform available (set 'hibernate.transaction.jta.platform' to enable JTA platform integration)
2025-11-03T22:26:57.255-03:00  INFO 18388 --- [restartedMain] j.LocalContainerEntityManagerFactoryBean : Initialized JPA EntityManagerFactory for persistence unit 'default'
2025-11-03T22:26:58.503-03:00  WARN 18388 --- [restartedMain] JpaBaseConfiguration$JpaWebConfiguration : spring.jpa.open-in-view is enabled by default. Therefore, database queries may be performed during view rendering. Explicitly configure spring.jpa.open-in-view to disable this warning
2025-11-03T22:26:58.652-03:00  WARN 18388 --- [restartedMain] .s.s.UserDetailsServiceAutoConfiguration : 

Using generated security password: 3cff14e2-f239-4fc4-b8cd-771b1690b2e7

This generated password is for development use only. Your security configuration must be updated before running your application in production.

2025-11-03T22:26:58.670-03:00  INFO 18388 --- [restartedMain] r$InitializeUserDetailsManagerConfigurer : Global AuthenticationManager configured with UserDetailsService bean with name inMemoryUserDetailsManager
2025-11-03T22:26:59.766-03:00 DEBUG 18388 --- [restartedMain] s.w.s.m.m.a.RequestMappingHandlerMapping : 7 mappings in 'requestMappingHandlerMapping'
2025-11-03T22:27:00.227-03:00 DEBUG 18388 --- [restartedMain] o.s.w.s.handler.SimpleUrlHandlerMapping  : Patterns [/webjars/**, /**] in 'resourceHandlerMapping'
2025-11-03T22:27:00.310-03:00 DEBUG 18388 --- [restartedMain] s.w.s.m.m.a.RequestMappingHandlerAdapter : ControllerAdvice beans: 0 @ModelAttribute, 0 @InitBinder, 1 RequestBodyAdvice, 1 ResponseBodyAdvice
2025-11-03T22:27:00.523-03:00 DEBUG 18388 --- [restartedMain] .m.m.a.ExceptionHandlerExceptionResolver : ControllerAdvice beans: 1 @ExceptionHandler, 1 ResponseBodyAdvice
2025-11-03T22:27:01.341-03:00  INFO 18388 --- [restartedMain] o.s.b.d.a.OptionalLiveReloadServer       : LiveReload server is running on port 35729
2025-11-03T22:27:01.431-03:00  INFO 18388 --- [restartedMain] o.s.b.w.embedded.tomcat.TomcatWebServer  : Tomcat started on port 8080 (http) with context path '/api'
2025-11-03T22:27:01.447-03:00  INFO 18388 --- [restartedMain] c.l.LabUsuarios.UsuariosApplication      : Started UsuariosApplication in 36.018 seconds (process running for 38.439)
2025-11-03T22:27:37.873-03:00  INFO 18388 --- [http-nio-8080-exec-2] o.a.c.c.C.[Tomcat].[localhost].[/api]    : Initializing Spring DispatcherServlet 'dispatcherServlet'
2025-11-03T22:27:37.874-03:00  INFO 18388 --- [http-nio-8080-exec-2] o.s.web.servlet.DispatcherServlet        : Initializing Servlet 'dispatcherServlet'
2025-11-03T22:27:37.874-03:00 DEBUG 18388 --- [http-nio-8080-exec-2] o.s.web.servlet.DispatcherServlet        : Detected StandardServletMultipartResolver
2025-11-03T22:27:37.875-03:00 DEBUG 18388 --- [http-nio-8080-exec-2] o.s.web.servlet.DispatcherServlet        : Detected AcceptHeaderLocaleResolver
2025-11-03T22:27:37.875-03:00 DEBUG 18388 --- [http-nio-8080-exec-2] o.s.web.servlet.DispatcherServlet        : Detected FixedThemeResolver
2025-11-03T22:27:37.881-03:00 DEBUG 18388 --- [http-nio-8080-exec-2] o.s.web.servlet.DispatcherServlet        : Detected org.springframework.web.servlet.view.DefaultRequestToViewNameTranslator@9e13645
2025-11-03T22:27:37.883-03:00 DEBUG 18388 --- [http-nio-8080-exec-2] o.s.web.servlet.DispatcherServlet        : Detected org.springframework.web.servlet.support.SessionFlashMapManager@44c7dedc
2025-11-03T22:27:37.884-03:00 DEBUG 18388 --- [http-nio-8080-exec-2] o.s.web.servlet.DispatcherServlet        : enableLoggingRequestDetails='false': request parameters and headers will be masked to prevent unsafe logging of potentially sensitive data
2025-11-03T22:27:37.884-03:00  INFO 18388 --- [http-nio-8080-exec-2] o.s.web.servlet.DispatcherServlet        : Completed initialization in 10 ms
2025-11-03T22:27:37.953-03:00 DEBUG 18388 --- [http-nio-8080-exec-2] o.s.web.servlet.DispatcherServlet        : GET "/api/usuarios/all", parameters={}
2025-11-03T22:27:37.957-03:00 DEBUG 18388 --- [http-nio-8080-exec-2] s.w.s.m.m.a.RequestMappingHandlerMapping : Mapped to com.laboratorio.LabUsuarios.controller.UsuarioController#getAllUsuarios()
2025-11-03T22:27:38.104-03:00  INFO 18388 --- [http-nio-8080-exec-2] c.l.L.controller.UsuarioController       : Obteninendo todos los Usuarios
2025-11-03T22:27:38.105-03:00  INFO 18388 --- [http-nio-8080-exec-2] c.l.L.service.UsuarioServiceImpl         : Buscando todos los usuarios - metodo getAllUsuarios
2025-11-03T22:27:38.547-03:00 DEBUG 18388 --- [http-nio-8080-exec-2] org.hibernate.SQL                        : select ue1_0.id,ue1_0.ap_usuario,ue1_0.contraseña,ue1_0.correo,ue1_0.nom_usuario,ue1_0.rol,ue1_0.telefono from usuario ue1_0
2025-11-03T22:27:38.700-03:00  INFO 18388 --- [http-nio-8080-exec-2] c.l.L.controller.UsuarioController       : Usuarios Obtenidos 5 
2025-11-03T22:27:38.775-03:00 DEBUG 18388 --- [http-nio-8080-exec-2] o.s.w.s.m.m.a.HttpEntityMethodProcessor  : Using 'application/json', given [*/*] and supported [application/json, application/*+json]
2025-11-03T22:27:38.782-03:00 DEBUG 18388 --- [http-nio-8080-exec-2] o.s.w.s.m.m.a.HttpEntityMethodProcessor  : Writing [[com.laboratorio.LabUsuarios.model.UsuarioEntity@d8ad832, com.laboratorio.LabUsuarios.model.UsuarioE (truncated)...]
2025-11-03T22:27:38.965-03:00 DEBUG 18388 --- [http-nio-8080-exec-2] o.s.web.servlet.DispatcherServlet        : Completed 200 OK
2025-11-03T22:29:30.352-03:00 DEBUG 18388 --- [http-nio-8080-exec-4] o.s.web.servlet.DispatcherServlet        : GET "/api/usuarios/4", parameters={}
2025-11-03T22:29:30.372-03:00 DEBUG 18388 --- [http-nio-8080-exec-4] s.w.s.m.m.a.RequestMappingHandlerMapping : Mapped to com.laboratorio.LabUsuarios.controller.UsuarioController#getUsuarioById(Long)
2025-11-03T22:29:30.660-03:00  INFO 18388 --- [http-nio-8080-exec-4] c.l.L.controller.UsuarioController       : Obteniendo a Usuario by ID: 4
2025-11-03T22:29:30.661-03:00  INFO 18388 --- [http-nio-8080-exec-4] c.l.L.service.UsuarioServiceImpl         : Buscando Usuario por ID 4 - metodo getUsuarioById
2025-11-03T22:29:30.790-03:00 DEBUG 18388 --- [http-nio-8080-exec-4] org.hibernate.SQL                        : select ue1_0.id,ue1_0.ap_usuario,ue1_0.contraseña,ue1_0.correo,ue1_0.nom_usuario,ue1_0.rol,ue1_0.telefono from usuario ue1_0 where ue1_0.id=?
2025-11-03T22:29:30.983-03:00  INFO 18388 --- [http-nio-8080-exec-4] c.l.L.controller.UsuarioController       : Usuario encontrado by ID: 4
2025-11-03T22:29:31.026-03:00 DEBUG 18388 --- [http-nio-8080-exec-4] o.s.w.s.m.m.a.HttpEntityMethodProcessor  : Using 'application/json', given [*/*] and supported [application/json, application/*+json]
2025-11-03T22:29:31.027-03:00 DEBUG 18388 --- [http-nio-8080-exec-4] o.s.w.s.m.m.a.HttpEntityMethodProcessor  : Writing [com.laboratorio.LabUsuarios.model.UsuarioEntity@2967bcd3]
2025-11-03T22:29:31.048-03:00 DEBUG 18388 --- [http-nio-8080-exec-4] o.s.web.servlet.DispatcherServlet        : Completed 200 OK
2025-11-03T22:29:35.868-03:00 DEBUG 18388 --- [http-nio-8080-exec-6] o.s.web.servlet.DispatcherServlet        : DELETE "/api/usuarios/4", parameters={}
2025-11-03T22:29:35.870-03:00 DEBUG 18388 --- [http-nio-8080-exec-6] s.w.s.m.m.a.RequestMappingHandlerMapping : Mapped to com.laboratorio.LabUsuarios.controller.UsuarioController#deleteUsuario(Long)
2025-11-03T22:29:35.875-03:00  INFO 18388 --- [http-nio-8080-exec-6] c.l.L.controller.UsuarioController       : Eliminando Usuario con ID: 4
2025-11-03T22:29:35.875-03:00  INFO 18388 --- [http-nio-8080-exec-6] c.l.L.service.UsuarioServiceImpl         : Eliminando Usuario por ID : 4 - metodo deleteUsuarioById
2025-11-03T22:29:35.899-03:00 DEBUG 18388 --- [http-nio-8080-exec-6] org.hibernate.SQL                        : select ue1_0.id,ue1_0.ap_usuario,ue1_0.contraseña,ue1_0.correo,ue1_0.nom_usuario,ue1_0.rol,ue1_0.telefono from usuario ue1_0 where ue1_0.id=?
2025-11-03T22:29:35.925-03:00  INFO 18388 --- [http-nio-8080-exec-6] c.l.L.service.UsuarioServiceImpl         : Eliminando Usuario - metodo deleteUsuarioById
2025-11-03T22:29:35.926-03:00  INFO 18388 --- [http-nio-8080-exec-6] c.l.L.service.UsuarioServiceImpl         : Id Usuario 4 - metodo deleteUsuarioById
2025-11-03T22:29:36.096-03:00 DEBUG 18388 --- [http-nio-8080-exec-6] org.hibernate.SQL                        : delete from usuario where id=?
2025-11-03T22:29:36.138-03:00  INFO 18388 --- [http-nio-8080-exec-6] c.l.L.service.UsuarioServiceImpl         : Usuario eliminado satisfactoriamente - metodo deleteUsuarioById
2025-11-03T22:29:36.139-03:00  INFO 18388 --- [http-nio-8080-exec-6] c.l.L.controller.UsuarioController       : Usuario eliminado satisfactoriamente. Usuario ID: 4
2025-11-03T22:29:36.143-03:00 DEBUG 18388 --- [http-nio-8080-exec-6] o.s.w.s.m.m.a.HttpEntityMethodProcessor  : Using 'application/json', given [*/*] and supported [application/json, application/*+json]
2025-11-03T22:29:36.143-03:00 DEBUG 18388 --- [http-nio-8080-exec-6] o.s.w.s.m.m.a.HttpEntityMethodProcessor  : Nothing to write: null body
2025-11-03T22:29:36.146-03:00 DEBUG 18388 --- [http-nio-8080-exec-6] o.s.web.servlet.DispatcherServlet        : Completed 204 NO_CONTENT
2025-11-03T22:37:11.480-03:00  INFO 18388 --- [SpringApplicationShutdownHook] o.s.b.w.e.tomcat.GracefulShutdown        : Commencing graceful shutdown. Waiting for active requests to complete
2025-11-03T22:37:11.551-03:00  INFO 18388 --- [tomcat-shutdown] o.s.b.w.e.tomcat.GracefulShutdown        : Graceful shutdown complete
2025-11-03T22:37:11.591-03:00  INFO 18388 --- [SpringApplicationShutdownHook] j.LocalContainerEntityManagerFactoryBean : Closing JPA EntityManagerFactory for persistence unit 'default'
2025-11-03T22:37:11.651-03:00  INFO 18388 --- [SpringApplicationShutdownHook] com.zaxxer.hikari.HikariDataSource       : HikariPool-1 - Shutdown initiated...
2025-11-03T22:37:11.802-03:00  INFO 18388 --- [SpringApplicationShutdownHook] com.zaxxer.hikari.HikariDataSource       : HikariPool-1 - Shutdown completed.
